<?xml version="1.0" encoding="UTF-8"?>
<!-- Generated by org.testng.reporters.JUnitXMLReporter -->
<testsuite hostname="EPINHYDW0993" ignored="0" name="UnitTests" tests="1" failures="1" timestamp="31 May 2017 11:54:04 GMT" time="0.039" errors="0">
  <testcase name="@BeforeTest getCalculator" time="0.006" classname="com.epam.calculatorTests.CalculatorTests">
    <failure type="java.lang.StackOverflowError">
      <![CDATA[java.lang.StackOverflowError
	at com.epam.calculatorTests.CalculatorTests.getCalculator(CalculatorTests.java:13)
	at com.epam.calculatorTests.CalculatorTests.getCalculator(CalculatorTests.java:13)
	at com.epam.calculatorTests.CalculatorTests.getCalculator(CalculatorTests.java:13)
	at com.epam.calculatorTests.CalculatorTests.getCalculator(CalculatorTests.java:13)
	at com.epam.calculatorTests.CalculatorTests.getCalculator(CalculatorTests.java:13)
	at com.epam.calculatorTests.CalculatorTests.getCalculator(CalculatorTests.java:13)
	at com.epam.calculatorTests.CalculatorTests.getCalculator(CalculatorTests.java:13)
	at com.epam.calculatorTests.CalculatorTests.getCalculator(CalculatorTests.java:13)
	at com.epam.calculatorTests.CalculatorTests.getCalculator(CalculatorTests.java:13)
	at com.epam.calculatorTests.CalculatorTests.getCalculator(CalculatorTests.java:13)
	at com.epam.calculatorTests.CalculatorTests.getCalculator(CalculatorTests.java:13)
	at com.epam.calculatorTests.CalculatorTests.getCalculator(CalculatorTests.java:13)
	at com.epam.calculatorTests.CalculatorTests.getCalculator(CalculatorTests.java:13)
	at com.epam.calculatorTests.CalculatorTests.getCalculator(CalculatorTests.java:13)
	at com.epam.calculatorTests.CalculatorTests.getCalculator(CalculatorTests.java:13)
	at com.epam.calculatorTests.CalculatorTests.getCalculator(CalculatorTests.java:13)
	at com.epam.calculatorTests.CalculatorTests.getCalculator(CalculatorTests.java:13)
	at com.epam.calculatorTests.CalculatorTests.getCalculator(CalculatorTests.java:13)
	at com.epam.calculatorTests.CalculatorTests.getCalculator(CalculatorTests.java:13)
	at com.epam.calculatorTests.CalculatorTests.getCalculator(CalculatorTests.java:13)
	at com.epam.calculatorTests.CalculatorTests.getCalculator(CalculatorTests.java:13)
	at com.epam.calculatorTests.CalculatorTests.getCalculator(CalculatorTests.java:13)
	at com.epam.calculatorTests.CalculatorTests.getCalculator(CalculatorTests.java:13)
	at com.epam.calculatorTests.CalculatorTests.getCalculator(CalculatorTests.java:13)
	at com.epam.calculatorTests.CalculatorTests.getCalculator(CalculatorTests.java:13)
	at com.epam.calculatorTests.CalculatorTests.getCalculator(CalculatorTests.java:13)
	at com.epam.calculatorTests.CalculatorTests.getCalculator(CalculatorTests.java:13)
	at com.epam.calculatorTests.CalculatorTests.getCalculator(CalculatorTests.java:13)
	at com.epam.calculatorTests.CalculatorTests.getCalculator(CalculatorTests.java:13)
	at com.epam.calculatorTests.CalculatorTests.getCalculator(CalculatorTests.java:13)
	at com.epam.calculatorTests.CalculatorTests.getCalculator(CalculatorTests.java:13)
	at com.epam.calculatorTests.CalculatorTests.getCalculator(CalculatorTests.java:13)
	at com.epam.calculatorTests.CalculatorTests.getCalculator(CalculatorTests.java:13)
	at com.epam.calculatorTests.CalculatorTests.getCalculator(CalculatorTests.java:13)
	at com.epam.calculatorTests.CalculatorTests.getCalculator(CalculatorTests.java:13)
	at com.epam.calculatorTests.CalculatorTests.getCalculator(CalculatorTests.java:13)
	at com.epam.calculatorTests.CalculatorTests.getCalculator(CalculatorTests.java:13)
	at com.epam.calculatorTests.CalculatorTests.getCalculator(CalculatorTests.java:13)
	at com.epam.calculatorTests.CalculatorTests.getCalculator(CalculatorTests.java:13)
	at com.epam.calculatorTests.CalculatorTests.getCalculator(CalculatorTests.java:13)
	at com.epam.calculatorTests.CalculatorTests.getCalculator(CalculatorTests.java:13)
	at com.epam.calculatorTests.CalculatorTests.getCalculator(CalculatorTests.java:13)
	at com.epam.calculatorTests.CalculatorTests.getCalculator(CalculatorTests.java:13)
	at com.epam.calculatorTests.CalculatorTests.getCalculator(CalculatorTests.java:13)
	at com.epam.calculatorTests.CalculatorTests.getCalculator(CalculatorTests.java:13)
	at com.epam.calculatorTests.CalculatorTests.getCalculator(CalculatorTests.java:13)
	at com.epam.calculatorTests.CalculatorTests.getCalculator(CalculatorTests.java:13)
	at com.epam.calculatorTests.CalculatorTests.getCalculator(CalculatorTests.java:13)
	at com.epam.calculatorTests.CalculatorTests.getCalculator(CalculatorTests.java:13)
	at com.epam.calculatorTests.CalculatorTests.getCalculator(CalculatorTests.java:13)
	at com.epam.calculatorTests.CalculatorTests.getCalculator(CalculatorTests.java:13)
	at com.epam.calculatorTests.CalculatorTests.getCalculator(CalculatorTests.java:13)
	at com.epam.calculatorTests.CalculatorTests.getCalculator(CalculatorTests.java:13)
	at com.epam.calculatorTests.CalculatorTests.getCalculator(CalculatorTests.java:13)
	at com.epam.calculatorTests.CalculatorTests.getCalculator(CalculatorTests.java:13)
	at com.epam.calculatorTests.CalculatorTests.getCalculator(CalculatorTests.java:13)
	at com.epam.calculatorTests.CalculatorTests.getCalculator(CalculatorTests.java:13)
	at com.epam.calculatorTests.CalculatorTests.getCalculator(CalculatorTests.java:13)
	at com.epam.calculatorTests.CalculatorTests.getCalculator(CalculatorTests.java:13)
	at com.epam.calculatorTests.CalculatorTests.getCalculator(CalculatorTests.java:13)
	at com.epam.calculatorTests.CalculatorTests.getCalculator(CalculatorTests.java:13)
	at com.epam.calculatorTests.CalculatorTests.getCalculator(CalculatorTests.java:13)
	at com.epam.calculatorTests.CalculatorTests.getCalculator(CalculatorTests.java:13)
	at com.epam.calculatorTests.CalculatorTests.getCalculator(CalculatorTests.java:13)
	at com.epam.calculatorTests.CalculatorTests.getCalculator(CalculatorTests.java:13)
	at com.epam.calculatorTests.CalculatorTests.getCalculator(CalculatorTests.java:13)
	at com.epam.calculatorTests.CalculatorTests.getCalculator(CalculatorTests.java:13)
	at com.epam.calculatorTests.CalculatorTests.getCalculator(CalculatorTests.java:13)
	at com.epam.calculatorTests.CalculatorTests.getCalculator(CalculatorTests.java:13)
	at com.epam.calculatorTests.CalculatorTests.getCalculator(CalculatorTests.java:13)
	at com.epam.calculatorTests.CalculatorTests.getCalculator(CalculatorTests.java:13)
	at com.epam.calculatorTests.CalculatorTests.getCalculator(CalculatorTests.java:13)
	at com.epam.calculatorTests.CalculatorTests.getCalculator(CalculatorTests.java:13)
	at com.epam.calculatorTests.CalculatorTests.getCalculator(CalculatorTests.java:13)
	at com.epam.calculatorTests.CalculatorTests.getCalculator(CalculatorTests.java:13)
	at com.epam.calculatorTests.CalculatorTests.getCalculator(CalculatorTests.java:13)
	at com.epam.calculatorTests.CalculatorTests.getCalculator(CalculatorTests.java:13)
	at com.epam.calculatorTests.CalculatorTests.getCalculator(CalculatorTests.java:13)
	at com.epam.calculatorTests.CalculatorTests.getCalculator(CalculatorTests.java:13)
	at com.epam.calculatorTests.CalculatorTests.getCalculator(CalculatorTests.java:13)
	at com.epam.calculatorTests.CalculatorTests.getCalculator(CalculatorTests.java:13)
	at com.epam.calculatorTests.CalculatorTests.getCalculator(CalculatorTests.java:13)
	at com.epam.calculatorTests.CalculatorTests.getCalculator(CalculatorTests.java:13)
	at com.epam.calculatorTests.CalculatorTests.getCalculator(CalculatorTests.java:13)
	at com.epam.calculatorTests.CalculatorTests.getCalculator(CalculatorTests.java:13)
	at com.epam.calculatorTests.CalculatorTests.getCalculator(CalculatorTests.java:13)
	at com.epam.calculatorTests.CalculatorTests.getCalculator(CalculatorTests.java:13)
	at com.epam.calculatorTests.CalculatorTests.getCalculator(CalculatorTests.java:13)
	at com.epam.calculatorTests.CalculatorTests.getCalculator(CalculatorTests.java:13)
	at com.epam.calculatorTests.CalculatorTests.getCalculator(CalculatorTests.java:13)
	at com.epam.calculatorTests.CalculatorTests.getCalculator(CalculatorTests.java:13)
	at com.epam.calculatorTests.CalculatorTests.getCalculator(CalculatorTests.java:13)
	at com.epam.calculatorTests.CalculatorTests.getCalculator(CalculatorTests.java:13)
	at com.epam.calculatorTests.CalculatorTests.getCalculator(CalculatorTests.java:13)
	at com.epam.calculatorTests.CalculatorTests.getCalculator(CalculatorTests.java:13)
	at com.epam.calculatorTests.CalculatorTests.getCalculator(CalculatorTests.java:13)
	at com.epam.calculatorTests.CalculatorTests.getCalculator(CalculatorTests.java:13)
	at com.epam.calculatorTests.CalculatorTests.getCalculator(CalculatorTests.java:13)
	at com.epam.calculatorTests.CalculatorTests.getCalculator(CalculatorTests.java:13)
	at com.epam.calculatorTests.CalculatorTests.getCalculator(CalculatorTests.java:13)
	at com.epam.calculatorTests.CalculatorTests.getCalculator(CalculatorTests.java:13)
	at com.epam.calculatorTests.CalculatorTests.getCalculator(CalculatorTests.java:13)
	at com.epam.calculatorTests.CalculatorTests.getCalculator(CalculatorTests.java:13)
	at com.epam.calculatorTests.CalculatorTests.getCalculator(CalculatorTests.java:13)
	at com.epam.calculatorTests.CalculatorTests.getCalculator(CalculatorTests.java:13)
	at com.epam.calculatorTests.CalculatorTests.getCalculator(CalculatorTests.java:13)
	at com.epam.calculatorTests.CalculatorTests.getCalculator(CalculatorTests.java:13)
	at com.epam.calculatorTests.CalculatorTests.getCalculator(CalculatorTests.java:13)
	at com.epam.calculatorTests.CalculatorTests.getCalculator(CalculatorTests.java:13)
	at com.epam.calculatorTests.CalculatorTests.getCalculator(CalculatorTests.java:13)
	at com.epam.calculatorTests.CalculatorTests.getCalculator(CalculatorTests.java:13)
	at com.epam.calculatorTests.CalculatorTests.getCalculator(CalculatorTests.java:13)
	at com.epam.calculatorTests.CalculatorTests.getCalculator(CalculatorTests.java:13)
	at com.epam.calculatorTests.CalculatorTests.getCalculator(CalculatorTests.java:13)
	at com.epam.calculatorTests.CalculatorTests.getCalculator(CalculatorTests.java:13)
	at com.epam.calculatorTests.CalculatorTests.getCalculator(CalculatorTests.java:13)
	at com.epam.calculatorTests.CalculatorTests.getCalculator(CalculatorTests.java:13)
	at com.epam.calculatorTests.CalculatorTests.getCalculator(CalculatorTests.java:13)
	at com.epam.calculatorTests.CalculatorTests.getCalculator(CalculatorTests.java:13)
	at com.epam.calculatorTests.CalculatorTests.getCalculator(CalculatorTests.java:13)
	at com.epam.calculatorTests.CalculatorTests.getCalculator(CalculatorTests.java:13)
	at com.epam.calculatorTests.CalculatorTests.getCalculator(CalculatorTests.java:13)
	at com.epam.calculatorTests.CalculatorTests.getCalculator(CalculatorTests.java:13)
	at com.epam.calculatorTests.CalculatorTests.getCalculator(CalculatorTests.java:13)
	at com.epam.calculatorTests.CalculatorTests.getCalculator(CalculatorTests.java:13)
	at com.epam.calculatorTests.CalculatorTests.getCalculator(CalculatorTests.java:13)
	at com.epam.calculatorTests.CalculatorTests.getCalculator(CalculatorTests.java:13)
	at com.epam.calculatorTests.CalculatorTests.getCalculator(CalculatorTests.java:13)
	at com.epam.calculatorTests.CalculatorTests.getCalculator(CalculatorTests.java:13)
	at com.epam.calculatorTests.CalculatorTests.getCalculator(CalculatorTests.java:13)
	at com.epam.calculatorTests.CalculatorTests.getCalculator(CalculatorTests.java:13)
	at com.epam.calculatorTests.CalculatorTests.getCalculator(CalculatorTests.java:13)
	at com.epam.calculatorTests.CalculatorTests.getCalculator(CalculatorTests.java:13)
	at com.epam.calculatorTests.CalculatorTests.getCalculator(CalculatorTests.java:13)
	at com.epam.calculatorTests.CalculatorTests.getCalculator(CalculatorTests.java:13)
	at com.epam.calculatorTests.CalculatorTests.getCalculator(CalculatorTests.java:13)
	at com.epam.calculatorTests.CalculatorTests.getCalculator(CalculatorTests.java:13)
	at com.epam.calculatorTests.CalculatorTests.getCalculator(CalculatorTests.java:13)
	at com.epam.calculatorTests.CalculatorTests.getCalculator(CalculatorTests.java:13)
	at com.epam.calculatorTests.CalculatorTests.getCalculator(CalculatorTests.java:13)
	at com.epam.calculatorTests.CalculatorTests.getCalculator(CalculatorTests.java:13)
	at com.epam.calculatorTests.CalculatorTests.getCalculator(CalculatorTests.java:13)
	at com.epam.calculatorTests.CalculatorTests.getCalculator(CalculatorTests.java:13)
	at com.epam.calculatorTests.CalculatorTests.getCalculator(CalculatorTests.java:13)
	at com.epam.calculatorTests.CalculatorTests.getCalculator(CalculatorTests.java:13)
	at com.epam.calculatorTests.CalculatorTests.getCalculator(CalculatorTests.java:13)
	at com.epam.calculatorTests.CalculatorTests.getCalculator(CalculatorTests.java:13)
	at com.epam.calculatorTests.CalculatorTests.getCalculator(CalculatorTests.java:13)
	at com.epam.calculatorTests.CalculatorTests.getCalculator(CalculatorTests.java:13)
	at com.epam.calculatorTests.CalculatorTests.getCalculator(CalculatorTests.java:13)
	at com.epam.calculatorTests.CalculatorTests.getCalculator(CalculatorTests.java:13)
	at com.epam.calculatorTests.CalculatorTests.getCalculator(CalculatorTests.java:13)
	at com.epam.calculatorTests.CalculatorTests.getCalculator(CalculatorTests.java:13)
	at com.epam.calculatorTests.CalculatorTests.getCalculator(CalculatorTests.java:13)
	at com.epam.calculatorTests.CalculatorTests.getCalculator(CalculatorTests.java:13)
	at com.epam.calculatorTests.CalculatorTests.getCalculator(CalculatorTests.java:13)
	at com.epam.calculatorTests.CalculatorTests.getCalculator(CalculatorTests.java:13)
	at com.epam.calculatorTests.CalculatorTests.getCalculator(CalculatorTests.java:13)
	at com.epam.calculatorTests.CalculatorTests.getCalculator(CalculatorTests.java:13)
	at com.epam.calculatorTests.CalculatorTests.getCalculator(CalculatorTests.java:13)
	at com.epam.calculatorTests.CalculatorTests.getCalculator(CalculatorTests.java:13)
	at com.epam.calculatorTests.CalculatorTests.getCalculator(CalculatorTests.java:13)
	at com.epam.calculatorTests.CalculatorTests.getCalculator(CalculatorTests.java:13)
	at com.epam.calculatorTests.CalculatorTests.getCalculator(CalculatorTests.java:13)
	at com.epam.calculatorTests.CalculatorTests.getCalculator(CalculatorTests.java:13)
	at com.epam.calculatorTests.CalculatorTests.getCalculator(CalculatorTests.java:13)
	at com.epam.calculatorTests.CalculatorTests.getCalculator(CalculatorTests.java:13)
	at com.epam.calculatorTests.CalculatorTests.getCalculator(CalculatorTests.java:13)
	at com.epam.calculatorTests.CalculatorTests.getCalculator(CalculatorTests.java:13)
	at com.epam.calculatorTests.CalculatorTests.getCalculator(CalculatorTests.java:13)
	at com.epam.calculatorTests.CalculatorTests.getCalculator(CalculatorTests.java:13)
	at com.epam.calculatorTests.CalculatorTests.getCalculator(CalculatorTests.java:13)
	at com.epam.calculatorTests.CalculatorTests.getCalculator(CalculatorTests.java:13)
	at com.epam.calculatorTests.CalculatorTests.getCalculator(CalculatorTests.java:13)
	at com.epam.calculatorTests.CalculatorTests.getCalculator(CalculatorTests.java:13)
	at com.epam.calculatorTests.CalculatorTests.getCalculator(CalculatorTests.java:13)
	at com.epam.calculatorTests.CalculatorTests.getCalculator(CalculatorTests.java:13)
	at com.epam.calculatorTests.CalculatorTests.getCalculator(CalculatorTests.java:13)
	at com.epam.calculatorTests.CalculatorTests.getCalculator(CalculatorTests.java:13)
	at com.epam.calculatorTests.CalculatorTests.getCalculator(CalculatorTests.java:13)
	at com.epam.calculatorTests.CalculatorTests.getCalculator(CalculatorTests.java:13)
	at com.epam.calculatorTests.CalculatorTests.getCalculator(CalculatorTests.java:13)
	at com.epam.calculatorTests.CalculatorTests.getCalculator(CalculatorTests.java:13)
	at com.epam.calculatorTests.CalculatorTests.getCalculator(CalculatorTests.java:13)
	at com.epam.calculatorTests.CalculatorTests.getCalculator(CalculatorTests.java:13)
	at com.epam.calculatorTests.CalculatorTests.getCalculator(CalculatorTests.java:13)
	at com.epam.calculatorTests.CalculatorTests.getCalculator(CalculatorTests.java:13)
	at com.epam.calculatorTests.CalculatorTests.getCalculator(CalculatorTests.java:13)
	at com.epam.calculatorTests.CalculatorTests.getCalculator(CalculatorTests.java:13)
	at com.epam.calculatorTests.CalculatorTests.getCalculator(CalculatorTests.java:13)
	at com.epam.calculatorTests.CalculatorTests.getCalculator(CalculatorTests.java:13)
	at com.epam.calculatorTests.CalculatorTests.getCalculator(CalculatorTests.java:13)
	at com.epam.calculatorTests.CalculatorTests.getCalculator(CalculatorTests.java:13)
	at com.epam.calculatorTests.CalculatorTests.getCalculator(CalculatorTests.java:13)
	at com.epam.calculatorTests.CalculatorTests.getCalculator(CalculatorTests.java:13)
	at com.epam.calculatorTests.CalculatorTests.getCalculator(CalculatorTests.java:13)
	at com.epam.calculatorTests.CalculatorTests.getCalculator(CalculatorTests.java:13)
	at com.epam.calculatorTests.CalculatorTests.getCalculator(CalculatorTests.java:13)
	at com.epam.calculatorTests.CalculatorTests.getCalculator(CalculatorTests.java:13)
	at com.epam.calculatorTests.CalculatorTests.getCalculator(CalculatorTests.java:13)
	at com.epam.calculatorTests.CalculatorTests.getCalculator(CalculatorTests.java:13)
	at com.epam.calculatorTests.CalculatorTests.getCalculator(CalculatorTests.java:13)
	at com.epam.calculatorTests.CalculatorTests.getCalculator(CalculatorTests.java:13)
	at com.epam.calculatorTests.CalculatorTests.getCalculator(CalculatorTests.java:13)
	at com.epam.calculatorTests.CalculatorTests.getCalculator(CalculatorTests.java:13)
	at com.epam.calculatorTests.CalculatorTests.getCalculator(CalculatorTests.java:13)
	at com.epam.calculatorTests.CalculatorTests.getCalculator(CalculatorTests.java:13)
	at com.epam.calculatorTests.CalculatorTests.getCalculator(CalculatorTests.java:13)
	at com.epam.calculatorTests.CalculatorTests.getCalculator(CalculatorTests.java:13)
	at com.epam.calculatorTests.CalculatorTests.getCalculator(CalculatorTests.java:13)
	at com.epam.calculatorTests.CalculatorTests.getCalculator(CalculatorTests.java:13)
	at com.epam.calculatorTests.CalculatorTests.getCalculator(CalculatorTests.java:13)
	at com.epam.calculatorTests.CalculatorTests.getCalculator(CalculatorTests.java:13)
	at com.epam.calculatorTests.CalculatorTests.getCalculator(CalculatorTests.java:13)
	at com.epam.calculatorTests.CalculatorTests.getCalculator(CalculatorTests.java:13)
	at com.epam.calculatorTests.CalculatorTests.getCalculator(CalculatorTests.java:13)
	at com.epam.calculatorTests.CalculatorTests.getCalculator(CalculatorTests.java:13)
	at com.epam.calculatorTests.CalculatorTests.getCalculator(CalculatorTests.java:13)
	at com.epam.calculatorTests.CalculatorTests.getCalculator(CalculatorTests.java:13)
	at com.epam.calculatorTests.CalculatorTests.getCalculator(CalculatorTests.java:13)
	at com.epam.calculatorTests.CalculatorTests.getCalculator(CalculatorTests.java:13)
	at com.epam.calculatorTests.CalculatorTests.getCalculator(CalculatorTests.java:13)
	at com.epam.calculatorTests.CalculatorTests.getCalculator(CalculatorTests.java:13)
	at com.epam.calculatorTests.CalculatorTests.getCalculator(CalculatorTests.java:13)
	at com.epam.calculatorTests.CalculatorTests.getCalculator(CalculatorTests.java:13)
	at com.epam.calculatorTests.CalculatorTests.getCalculator(CalculatorTests.java:13)
	at com.epam.calculatorTests.CalculatorTests.getCalculator(CalculatorTests.java:13)
	at com.epam.calculatorTests.CalculatorTests.getCalculator(CalculatorTests.java:13)
	at com.epam.calculatorTests.CalculatorTests.getCalculator(CalculatorTests.java:13)
	at com.epam.calculatorTests.CalculatorTests.getCalculator(CalculatorTests.java:13)
	at com.epam.calculatorTests.CalculatorTests.getCalculator(CalculatorTests.java:13)
	at com.epam.calculatorTests.CalculatorTests.getCalculator(CalculatorTests.java:13)
	at com.epam.calculatorTests.CalculatorTests.getCalculator(CalculatorTests.java:13)
	at com.epam.calculatorTests.CalculatorTests.getCalculator(CalculatorTests.java:13)
	at com.epam.calculatorTests.CalculatorTests.getCalculator(CalculatorTests.java:13)
	at com.epam.calculatorTests.CalculatorTests.getCalculator(CalculatorTests.java:13)
	at com.epam.calculatorTests.CalculatorTests.getCalculator(CalculatorTests.java:13)
	at com.epam.calculatorTests.CalculatorTests.getCalculator(CalculatorTests.java:13)
	at com.epam.calculatorTests.CalculatorTests.getCalculator(CalculatorTests.java:13)
	at com.epam.calculatorTests.CalculatorTests.getCalculator(CalculatorTests.java:13)
	at com.epam.calculatorTests.CalculatorTests.getCalculator(CalculatorTests.java:13)
	at com.epam.calculatorTests.CalculatorTests.getCalculator(CalculatorTests.java:13)
	at com.epam.calculatorTests.CalculatorTests.getCalculator(CalculatorTests.java:13)
	at com.epam.calculatorTests.CalculatorTests.getCalculator(CalculatorTests.java:13)
	at com.epam.calculatorTests.CalculatorTests.getCalculator(CalculatorTests.java:13)
	at com.epam.calculatorTests.CalculatorTests.getCalculator(CalculatorTests.java:13)
	at com.epam.calculatorTests.CalculatorTests.getCalculator(CalculatorTests.java:13)
	at com.epam.calculatorTests.CalculatorTests.getCalculator(CalculatorTests.java:13)
	at com.epam.calculatorTests.CalculatorTests.getCalculator(CalculatorTests.java:13)
	at com.epam.calculatorTests.CalculatorTests.getCalculator(CalculatorTests.java:13)
	at com.epam.calculatorTests.CalculatorTests.getCalculator(CalculatorTests.java:13)
	at com.epam.calculatorTests.CalculatorTests.getCalculator(CalculatorTests.java:13)
	at com.epam.calculatorTests.CalculatorTests.getCalculator(CalculatorTests.java:13)
	at com.epam.calculatorTests.CalculatorTests.getCalculator(CalculatorTests.java:13)
	at com.epam.calculatorTests.CalculatorTests.getCalculator(CalculatorTests.java:13)
	at com.epam.calculatorTests.CalculatorTests.getCalculator(CalculatorTests.java:13)
	at com.epam.calculatorTests.CalculatorTests.getCalculator(CalculatorTests.java:13)
	at com.epam.calculatorTests.CalculatorTests.getCalculator(CalculatorTests.java:13)
	at com.epam.calculatorTests.CalculatorTests.getCalculator(CalculatorTests.java:13)
	at com.epam.calculatorTests.CalculatorTests.getCalculator(CalculatorTests.java:13)
	at com.epam.calculatorTests.CalculatorTests.getCalculator(CalculatorTests.java:13)
	at com.epam.calculatorTests.CalculatorTests.getCalculator(CalculatorTests.java:13)
	at com.epam.calculatorTests.CalculatorTests.getCalculator(CalculatorTests.java:13)
	at com.epam.calculatorTests.CalculatorTests.getCalculator(CalculatorTests.java:13)
	at com.epam.calculatorTests.CalculatorTests.getCalculator(CalculatorTests.java:13)
	at com.epam.calculatorTests.CalculatorTests.getCalculator(CalculatorTests.java:13)
	at com.epam.calculatorTests.CalculatorTests.getCalculator(CalculatorTests.java:13)
	at com.epam.calculatorTests.CalculatorTests.getCalculator(CalculatorTests.java:13)
	at com.epam.calculatorTests.CalculatorTests.getCalculator(CalculatorTests.java:13)
	at com.epam.calculatorTests.CalculatorTests.getCalculator(CalculatorTests.java:13)
	at com.epam.calculatorTests.CalculatorTests.getCalculator(CalculatorTests.java:13)
	at com.epam.calculatorTests.CalculatorTests.getCalculator(CalculatorTests.java:13)
	at com.epam.calculatorTests.CalculatorTests.getCalculator(CalculatorTests.java:13)
	at com.epam.calculatorTests.CalculatorTests.getCalculator(CalculatorTests.java:13)
	at com.epam.calculatorTests.CalculatorTests.getCalculator(CalculatorTests.java:13)
	at com.epam.calculatorTests.CalculatorTests.getCalculator(CalculatorTests.java:13)
	at com.epam.calculatorTests.CalculatorTests.getCalculator(CalculatorTests.java:13)
	at com.epam.calculatorTests.CalculatorTests.getCalculator(CalculatorTests.java:13)
	at com.epam.calculatorTests.CalculatorTests.getCalculator(CalculatorTests.java:13)
	at com.epam.calculatorTests.CalculatorTests.getCalculator(CalculatorTests.java:13)
	at com.epam.calculatorTests.CalculatorTests.getCalculator(CalculatorTests.java:13)
	at com.epam.calculatorTests.CalculatorTests.getCalculator(CalculatorTests.java:13)
	at com.epam.calculatorTests.CalculatorTests.getCalculator(CalculatorTests.java:13)
	at com.epam.calculatorTests.CalculatorTests.getCalculator(CalculatorTests.java:13)
	at com.epam.calculatorTests.CalculatorTests.getCalculator(CalculatorTests.java:13)
	at com.epam.calculatorTests.CalculatorTests.getCalculator(CalculatorTests.java:13)
	at com.epam.calculatorTests.CalculatorTests.getCalculator(CalculatorTests.java:13)
	at com.epam.calculatorTests.CalculatorTests.getCalculator(CalculatorTests.java:13)
	at com.epam.calculatorTests.CalculatorTests.getCalculator(CalculatorTests.java:13)
	at com.epam.calculatorTests.CalculatorTests.getCalculator(CalculatorTests.java:13)
	at com.epam.calculatorTests.CalculatorTests.getCalculator(CalculatorTests.java:13)
	at com.epam.calculatorTests.CalculatorTests.getCalculator(CalculatorTests.java:13)
	at com.epam.calculatorTests.CalculatorTests.getCalculator(CalculatorTests.java:13)
	at com.epam.calculatorTests.CalculatorTests.getCalculator(CalculatorTests.java:13)
	at com.epam.calculatorTests.CalculatorTests.getCalculator(CalculatorTests.java:13)
	at com.epam.calculatorTests.CalculatorTests.getCalculator(CalculatorTests.java:13)
	at com.epam.calculatorTests.CalculatorTests.getCalculator(CalculatorTests.java:13)
	at com.epam.calculatorTests.CalculatorTests.getCalculator(CalculatorTests.java:13)
	at com.epam.calculatorTests.CalculatorTests.getCalculator(CalculatorTests.java:13)
	at com.epam.calculatorTests.CalculatorTests.getCalculator(CalculatorTests.java:13)
	at com.epam.calculatorTests.CalculatorTests.getCalculator(CalculatorTests.java:13)
	at com.epam.calculatorTests.CalculatorTests.getCalculator(CalculatorTests.java:13)
	at com.epam.calculatorTests.CalculatorTests.getCalculator(CalculatorTests.java:13)
	at com.epam.calculatorTests.CalculatorTests.getCalculator(CalculatorTests.java:13)
	at com.epam.calculatorTests.CalculatorTests.getCalculator(CalculatorTests.java:13)
	at com.epam.calculatorTests.CalculatorTests.getCalculator(CalculatorTests.java:13)
	at com.epam.calculatorTests.CalculatorTests.getCalculator(CalculatorTests.java:13)
	at com.epam.calculatorTests.CalculatorTests.getCalculator(CalculatorTests.java:13)
	at com.epam.calculatorTests.CalculatorTests.getCalculator(CalculatorTests.java:13)
	at com.epam.calculatorTests.CalculatorTests.getCalculator(CalculatorTests.java:13)
	at com.epam.calculatorTests.CalculatorTests.getCalculator(CalculatorTests.java:13)
	at com.epam.calculatorTests.CalculatorTests.getCalculator(CalculatorTests.java:13)
	at com.epam.calculatorTests.CalculatorTests.getCalculator(CalculatorTests.java:13)
	at com.epam.calculatorTests.CalculatorTests.getCalculator(CalculatorTests.java:13)
	at com.epam.calculatorTests.CalculatorTests.getCalculator(CalculatorTests.java:13)
	at com.epam.calculatorTests.CalculatorTests.getCalculator(CalculatorTests.java:13)
	at com.epam.calculatorTests.CalculatorTests.getCalculator(CalculatorTests.java:13)
	at com.epam.calculatorTests.CalculatorTests.getCalculator(CalculatorTests.java:13)
	at com.epam.calculatorTests.CalculatorTests.getCalculator(CalculatorTests.java:13)
	at com.epam.calculatorTests.CalculatorTests.getCalculator(CalculatorTests.java:13)
	at com.epam.calculatorTests.CalculatorTests.getCalculator(CalculatorTests.java:13)
	at com.epam.calculatorTests.CalculatorTests.getCalculator(CalculatorTests.java:13)
	at com.epam.calculatorTests.CalculatorTests.getCalculator(CalculatorTests.java:13)
	at com.epam.calculatorTests.CalculatorTests.getCalculator(CalculatorTests.java:13)
	at com.epam.calculatorTests.CalculatorTests.getCalculator(CalculatorTests.java:13)
	at com.epam.calculatorTests.CalculatorTests.getCalculator(CalculatorTests.java:13)
	at com.epam.calculatorTests.CalculatorTests.getCalculator(CalculatorTests.java:13)
	at com.epam.calculatorTests.CalculatorTests.getCalculator(CalculatorTests.java:13)
	at com.epam.calculatorTests.CalculatorTests.getCalculator(CalculatorTests.java:13)
	at com.epam.calculatorTests.CalculatorTests.getCalculator(CalculatorTests.java:13)
	at com.epam.calculatorTests.CalculatorTests.getCalculator(CalculatorTests.java:13)
	at com.epam.calculatorTests.CalculatorTests.getCalculator(CalculatorTests.java:13)
	at com.epam.calculatorTests.CalculatorTests.getCalculator(CalculatorTests.java:13)
	at com.epam.calculatorTests.CalculatorTests.getCalculator(CalculatorTests.java:13)
	at com.epam.calculatorTests.CalculatorTests.getCalculator(CalculatorTests.java:13)
	at com.epam.calculatorTests.CalculatorTests.getCalculator(CalculatorTests.java:13)
	at com.epam.calculatorTests.CalculatorTests.getCalculator(CalculatorTests.java:13)
	at com.epam.calculatorTests.CalculatorTests.getCalculator(CalculatorTests.java:13)
	at com.epam.calculatorTests.CalculatorTests.getCalculator(CalculatorTests.java:13)
	at com.epam.calculatorTests.CalculatorTests.getCalculator(CalculatorTests.java:13)
	at com.epam.calculatorTests.CalculatorTests.getCalculator(CalculatorTests.java:13)
	at com.epam.calculatorTests.CalculatorTests.getCalculator(CalculatorTests.java:13)
	at com.epam.calculatorTests.CalculatorTests.getCalculator(CalculatorTests.java:13)
	at com.epam.calculatorTests.CalculatorTests.getCalculator(CalculatorTests.java:13)
	at com.epam.calculatorTests.CalculatorTests.getCalculator(CalculatorTests.java:13)
	at com.epam.calculatorTests.CalculatorTests.getCalculator(CalculatorTests.java:13)
	at com.epam.calculatorTests.CalculatorTests.getCalculator(CalculatorTests.java:13)
	at com.epam.calculatorTests.CalculatorTests.getCalculator(CalculatorTests.java:13)
	at com.epam.calculatorTests.CalculatorTests.getCalculator(CalculatorTests.java:13)
	at com.epam.calculatorTests.CalculatorTests.getCalculator(CalculatorTests.java:13)
	at com.epam.calculatorTests.CalculatorTests.getCalculator(CalculatorTests.java:13)
	at com.epam.calculatorTests.CalculatorTests.getCalculator(CalculatorTests.java:13)
	at com.epam.calculatorTests.CalculatorTests.getCalculator(CalculatorTests.java:13)
	at com.epam.calculatorTests.CalculatorTests.getCalculator(CalculatorTests.java:13)
	at com.epam.calculatorTests.CalculatorTests.getCalculator(CalculatorTests.java:13)
	at com.epam.calculatorTests.CalculatorTests.getCalculator(CalculatorTests.java:13)
	at com.epam.calculatorTests.CalculatorTests.getCalculator(CalculatorTests.java:13)
	at com.epam.calculatorTests.CalculatorTests.getCalculator(CalculatorTests.java:13)
	at com.epam.calculatorTests.CalculatorTests.getCalculator(CalculatorTests.java:13)
	at com.epam.calculatorTests.CalculatorTests.getCalculator(CalculatorTests.java:13)
	at com.epam.calculatorTests.CalculatorTests.getCalculator(CalculatorTests.java:13)
	at com.epam.calculatorTests.CalculatorTests.getCalculator(CalculatorTests.java:13)
	at com.epam.calculatorTests.CalculatorTests.getCalculator(CalculatorTests.java:13)
	at com.epam.calculatorTests.CalculatorTests.getCalculator(CalculatorTests.java:13)
	at com.epam.calculatorTests.CalculatorTests.getCalculator(CalculatorTests.java:13)
	at com.epam.calculatorTests.CalculatorTests.getCalculator(CalculatorTests.java:13)
	at com.epam.calculatorTests.CalculatorTests.getCalculator(CalculatorTests.java:13)
	at com.epam.calculatorTests.CalculatorTests.getCalculator(CalculatorTests.java:13)
	at com.epam.calculatorTests.CalculatorTests.getCalculator(CalculatorTests.java:13)
	at com.epam.calculatorTests.CalculatorTests.getCalculator(CalculatorTests.java:13)
	at com.epam.calculatorTests.CalculatorTests.getCalculator(CalculatorTests.java:13)
	at com.epam.calculatorTests.CalculatorTests.getCalculator(CalculatorTests.java:13)
	at com.epam.calculatorTests.CalculatorTests.getCalculator(CalculatorTests.java:13)
	at com.epam.calculatorTests.CalculatorTests.getCalculator(CalculatorTests.java:13)
	at com.epam.calculatorTests.CalculatorTests.getCalculator(CalculatorTests.java:13)
	at com.epam.calculatorTests.CalculatorTests.getCalculator(CalculatorTests.java:13)
	at com.epam.calculatorTests.CalculatorTests.getCalculator(CalculatorTests.java:13)
	at com.epam.calculatorTests.CalculatorTests.getCalculator(CalculatorTests.java:13)
	at com.epam.calculatorTests.CalculatorTests.getCalculator(CalculatorTests.java:13)
	at com.epam.calculatorTests.CalculatorTests.getCalculator(CalculatorTests.java:13)
	at com.epam.calculatorTests.CalculatorTests.getCalculator(CalculatorTests.java:13)
	at com.epam.calculatorTests.CalculatorTests.getCalculator(CalculatorTests.java:13)
	at com.epam.calculatorTests.CalculatorTests.getCalculator(CalculatorTests.java:13)
	at com.epam.calculatorTests.CalculatorTests.getCalculator(CalculatorTests.java:13)
	at com.epam.calculatorTests.CalculatorTests.getCalculator(CalculatorTests.java:13)
	at com.epam.calculatorTests.CalculatorTests.getCalculator(CalculatorTests.java:13)
	at com.epam.calculatorTests.CalculatorTests.getCalculator(CalculatorTests.java:13)
	at com.epam.calculatorTests.CalculatorTests.getCalculator(CalculatorTests.java:13)
	at com.epam.calculatorTests.CalculatorTests.getCalculator(CalculatorTests.java:13)
	at com.epam.calculatorTests.CalculatorTests.getCalculator(CalculatorTests.java:13)
	at com.epam.calculatorTests.CalculatorTests.getCalculator(CalculatorTests.java:13)
	at com.epam.calculatorTests.CalculatorTests.getCalculator(CalculatorTests.java:13)
	at com.epam.calculatorTests.CalculatorTests.getCalculator(CalculatorTests.java:13)
	at com.epam.calculatorTests.CalculatorTests.getCalculator(CalculatorTests.java:13)
	at com.epam.calculatorTests.CalculatorTests.getCalculator(CalculatorTests.java:13)
	at com.epam.calculatorTests.CalculatorTests.getCalculator(CalculatorTests.java:13)
	at com.epam.calculatorTests.CalculatorTests.getCalculator(CalculatorTests.java:13)
	at com.epam.calculatorTests.CalculatorTests.getCalculator(CalculatorTests.java:13)
	at com.epam.calculatorTests.CalculatorTests.getCalculator(CalculatorTests.java:13)
	at com.epam.calculatorTests.CalculatorTests.getCalculator(CalculatorTests.java:13)
	at com.epam.calculatorTests.CalculatorTests.getCalculator(CalculatorTests.java:13)
	at com.epam.calculatorTests.CalculatorTests.getCalculator(CalculatorTests.java:13)
	at com.epam.calculatorTests.CalculatorTests.getCalculator(CalculatorTests.java:13)
	at com.epam.calculatorTests.CalculatorTests.getCalculator(CalculatorTests.java:13)
	at com.epam.calculatorTests.CalculatorTests.getCalculator(CalculatorTests.java:13)
	at com.epam.calculatorTests.CalculatorTests.getCalculator(CalculatorTests.java:13)
	at com.epam.calculatorTests.CalculatorTests.getCalculator(CalculatorTests.java:13)
	at com.epam.calculatorTests.CalculatorTests.getCalculator(CalculatorTests.java:13)
	at com.epam.calculatorTests.CalculatorTests.getCalculator(CalculatorTests.java:13)
	at com.epam.calculatorTests.CalculatorTests.getCalculator(CalculatorTests.java:13)
	at com.epam.calculatorTests.CalculatorTests.getCalculator(CalculatorTests.java:13)
	at com.epam.calculatorTests.CalculatorTests.getCalculator(CalculatorTests.java:13)
	at com.epam.calculatorTests.CalculatorTests.getCalculator(CalculatorTests.java:13)
	at com.epam.calculatorTests.CalculatorTests.getCalculator(CalculatorTests.java:13)
	at com.epam.calculatorTests.CalculatorTests.getCalculator(CalculatorTests.java:13)
	at com.epam.calculatorTests.CalculatorTests.getCalculator(CalculatorTests.java:13)
	at com.epam.calculatorTests.CalculatorTests.getCalculator(CalculatorTests.java:13)
	at com.epam.calculatorTests.CalculatorTests.getCalculator(CalculatorTests.java:13)
	at com.epam.calculatorTests.CalculatorTests.getCalculator(CalculatorTests.java:13)
	at com.epam.calculatorTests.CalculatorTests.getCalculator(CalculatorTests.java:13)
	at com.epam.calculatorTests.CalculatorTests.getCalculator(CalculatorTests.java:13)
	at com.epam.calculatorTests.CalculatorTests.getCalculator(CalculatorTests.java:13)
	at com.epam.calculatorTests.CalculatorTests.getCalculator(CalculatorTests.java:13)
	at com.epam.calculatorTests.CalculatorTests.getCalculator(CalculatorTests.java:13)
	at com.epam.calculatorTests.CalculatorTests.getCalculator(CalculatorTests.java:13)
	at com.epam.calculatorTests.CalculatorTests.getCalculator(CalculatorTests.java:13)
	at com.epam.calculatorTests.CalculatorTests.getCalculator(CalculatorTests.java:13)
	at com.epam.calculatorTests.CalculatorTests.getCalculator(CalculatorTests.java:13)
	at com.epam.calculatorTests.CalculatorTests.getCalculator(CalculatorTests.java:13)
	at com.epam.calculatorTests.CalculatorTests.getCalculator(CalculatorTests.java:13)
	at com.epam.calculatorTests.CalculatorTests.getCalculator(CalculatorTests.java:13)
	at com.epam.calculatorTests.CalculatorTests.getCalculator(CalculatorTests.java:13)
	at com.epam.calculatorTests.CalculatorTests.getCalculator(CalculatorTests.java:13)
	at com.epam.calculatorTests.CalculatorTests.getCalculator(CalculatorTests.java:13)
	at com.epam.calculatorTests.CalculatorTests.getCalculator(CalculatorTests.java:13)
	at com.epam.calculatorTests.CalculatorTests.getCalculator(CalculatorTests.java:13)
	at com.epam.calculatorTests.CalculatorTests.getCalculator(CalculatorTests.java:13)
	at com.epam.calculatorTests.CalculatorTests.getCalculator(CalculatorTests.java:13)
	at com.epam.calculatorTests.CalculatorTests.getCalculator(CalculatorTests.java:13)
	at com.epam.calculatorTests.CalculatorTests.getCalculator(CalculatorTests.java:13)
	at com.epam.calculatorTests.CalculatorTests.getCalculator(CalculatorTests.java:13)
	at com.epam.calculatorTests.CalculatorTests.getCalculator(CalculatorTests.java:13)
	at com.epam.calculatorTests.CalculatorTests.getCalculator(CalculatorTests.java:13)
	at com.epam.calculatorTests.CalculatorTests.getCalculator(CalculatorTests.java:13)
	at com.epam.calculatorTests.CalculatorTests.getCalculator(CalculatorTests.java:13)
	at com.epam.calculatorTests.CalculatorTests.getCalculator(CalculatorTests.java:13)
	at com.epam.calculatorTests.CalculatorTests.getCalculator(CalculatorTests.java:13)
	at com.epam.calculatorTests.CalculatorTests.getCalculator(CalculatorTests.java:13)
	at com.epam.calculatorTests.CalculatorTests.getCalculator(CalculatorTests.java:13)
	at com.epam.calculatorTests.CalculatorTests.getCalculator(CalculatorTests.java:13)
	at com.epam.calculatorTests.CalculatorTests.getCalculator(CalculatorTests.java:13)
	at com.epam.calculatorTests.CalculatorTests.getCalculator(CalculatorTests.java:13)
	at com.epam.calculatorTests.CalculatorTests.getCalculator(CalculatorTests.java:13)
	at com.epam.calculatorTests.CalculatorTests.getCalculator(CalculatorTests.java:13)
	at com.epam.calculatorTests.CalculatorTests.getCalculator(CalculatorTests.java:13)
	at com.epam.calculatorTests.CalculatorTests.getCalculator(CalculatorTests.java:13)
	at com.epam.calculatorTests.CalculatorTests.getCalculator(CalculatorTests.java:13)
	at com.epam.calculatorTests.CalculatorTests.getCalculator(CalculatorTests.java:13)
	at com.epam.calculatorTests.CalculatorTests.getCalculator(CalculatorTests.java:13)
	at com.epam.calculatorTests.CalculatorTests.getCalculator(CalculatorTests.java:13)
	at com.epam.calculatorTests.CalculatorTests.getCalculator(CalculatorTests.java:13)
	at com.epam.calculatorTests.CalculatorTests.getCalculator(CalculatorTests.java:13)
	at com.epam.calculatorTests.CalculatorTests.getCalculator(CalculatorTests.java:13)
	at com.epam.calculatorTests.CalculatorTests.getCalculator(CalculatorTests.java:13)
	at com.epam.calculatorTests.CalculatorTests.getCalculator(CalculatorTests.java:13)
	at com.epam.calculatorTests.CalculatorTests.getCalculator(CalculatorTests.java:13)
	at com.epam.calculatorTests.CalculatorTests.getCalculator(CalculatorTests.java:13)
	at com.epam.calculatorTests.CalculatorTests.getCalculator(CalculatorTests.java:13)
	at com.epam.calculatorTests.CalculatorTests.getCalculator(CalculatorTests.java:13)
	at com.epam.calculatorTests.CalculatorTests.getCalculator(CalculatorTests.java:13)
	at com.epam.calculatorTests.CalculatorTests.getCalculator(CalculatorTests.java:13)
	at com.epam.calculatorTests.CalculatorTests.getCalculator(CalculatorTests.java:13)
	at com.epam.calculatorTests.CalculatorTests.getCalculator(CalculatorTests.java:13)
	at com.epam.calculatorTests.CalculatorTests.getCalculator(CalculatorTests.java:13)
	at com.epam.calculatorTests.CalculatorTests.getCalculator(CalculatorTests.java:13)
	at com.epam.calculatorTests.CalculatorTests.getCalculator(CalculatorTests.java:13)
	at com.epam.calculatorTests.CalculatorTests.getCalculator(CalculatorTests.java:13)
	at com.epam.calculatorTests.CalculatorTests.getCalculator(CalculatorTests.java:13)
	at com.epam.calculatorTests.CalculatorTests.getCalculator(CalculatorTests.java:13)
	at com.epam.calculatorTests.CalculatorTests.getCalculator(CalculatorTests.java:13)
	at com.epam.calculatorTests.CalculatorTests.getCalculator(CalculatorTests.java:13)
	at com.epam.calculatorTests.CalculatorTests.getCalculator(CalculatorTests.java:13)
	at com.epam.calculatorTests.CalculatorTests.getCalculator(CalculatorTests.java:13)
	at com.epam.calculatorTests.CalculatorTests.getCalculator(CalculatorTests.java:13)
	at com.epam.calculatorTests.CalculatorTests.getCalculator(CalculatorTests.java:13)
	at com.epam.calculatorTests.CalculatorTests.getCalculator(CalculatorTests.java:13)
	at com.epam.calculatorTests.CalculatorTests.getCalculator(CalculatorTests.java:13)
	at com.epam.calculatorTests.CalculatorTests.getCalculator(CalculatorTests.java:13)
	at com.epam.calculatorTests.CalculatorTests.getCalculator(CalculatorTests.java:13)
	at com.epam.calculatorTests.CalculatorTests.getCalculator(CalculatorTests.java:13)
	at com.epam.calculatorTests.CalculatorTests.getCalculator(CalculatorTests.java:13)
	at com.epam.calculatorTests.CalculatorTests.getCalculator(CalculatorTests.java:13)
	at com.epam.calculatorTests.CalculatorTests.getCalculator(CalculatorTests.java:13)
	at com.epam.calculatorTests.CalculatorTests.getCalculator(CalculatorTests.java:13)
	at com.epam.calculatorTests.CalculatorTests.getCalculator(CalculatorTests.java:13)
	at com.epam.calculatorTests.CalculatorTests.getCalculator(CalculatorTests.java:13)
	at com.epam.calculatorTests.CalculatorTests.getCalculator(CalculatorTests.java:13)
	at com.epam.calculatorTests.CalculatorTests.getCalculator(CalculatorTests.java:13)
	at com.epam.calculatorTests.CalculatorTests.getCalculator(CalculatorTests.java:13)
	at com.epam.calculatorTests.CalculatorTests.getCalculator(CalculatorTests.java:13)
	at com.epam.calculatorTests.CalculatorTests.getCalculator(CalculatorTests.java:13)
	at com.epam.calculatorTests.CalculatorTests.getCalculator(CalculatorTests.java:13)
	at com.epam.calculatorTests.CalculatorTests.getCalculator(CalculatorTests.java:13)
	at com.epam.calculatorTests.CalculatorTests.getCalculator(CalculatorTests.java:13)
	at com.epam.calculatorTests.CalculatorTests.getCalculator(CalculatorTests.java:13)
	at com.epam.calculatorTests.CalculatorTests.getCalculator(CalculatorTests.java:13)
	at com.epam.calculatorTests.CalculatorTests.getCalculator(CalculatorTests.java:13)
	at com.epam.calculatorTests.CalculatorTests.getCalculator(CalculatorTests.java:13)
	at com.epam.calculatorTests.CalculatorTests.getCalculator(CalculatorTests.java:13)
	at com.epam.calculatorTests.CalculatorTests.getCalculator(CalculatorTests.java:13)
	at com.epam.calculatorTests.CalculatorTests.getCalculator(CalculatorTests.java:13)
	at com.epam.calculatorTests.CalculatorTests.getCalculator(CalculatorTests.java:13)
	at com.epam.calculatorTests.CalculatorTests.getCalculator(CalculatorTests.java:13)
	at com.epam.calculatorTests.CalculatorTests.getCalculator(CalculatorTests.java:13)
	at com.epam.calculatorTests.CalculatorTests.getCalculator(CalculatorTests.java:13)
	at com.epam.calculatorTests.CalculatorTests.getCalculator(CalculatorTests.java:13)
	at com.epam.calculatorTests.CalculatorTests.getCalculator(CalculatorTests.java:13)
	at com.epam.calculatorTests.CalculatorTests.getCalculator(CalculatorTests.java:13)
	at com.epam.calculatorTests.CalculatorTests.getCalculator(CalculatorTests.java:13)
	at com.epam.calculatorTests.CalculatorTests.getCalculator(CalculatorTests.java:13)
	at com.epam.calculatorTests.CalculatorTests.getCalculator(CalculatorTests.java:13)
	at com.epam.calculatorTests.CalculatorTests.getCalculator(CalculatorTests.java:13)
	at com.epam.calculatorTests.CalculatorTests.getCalculator(CalculatorTests.java:13)
	at com.epam.calculatorTests.CalculatorTests.getCalculator(CalculatorTests.java:13)
	at com.epam.calculatorTests.CalculatorTests.getCalculator(CalculatorTests.java:13)
	at com.epam.calculatorTests.CalculatorTests.getCalculator(CalculatorTests.java:13)
	at com.epam.calculatorTests.CalculatorTests.getCalculator(CalculatorTests.java:13)
	at com.epam.calculatorTests.CalculatorTests.getCalculator(CalculatorTests.java:13)
	at com.epam.calculatorTests.CalculatorTests.getCalculator(CalculatorTests.java:13)
	at com.epam.calculatorTests.CalculatorTests.getCalculator(CalculatorTests.java:13)
	at com.epam.calculatorTests.CalculatorTests.getCalculator(CalculatorTests.java:13)
	at com.epam.calculatorTests.CalculatorTests.getCalculator(CalculatorTests.java:13)
	at com.epam.calculatorTests.CalculatorTests.getCalculator(CalculatorTests.java:13)
	at com.epam.calculatorTests.CalculatorTests.getCalculator(CalculatorTests.java:13)
	at com.epam.calculatorTests.CalculatorTests.getCalculator(CalculatorTests.java:13)
	at com.epam.calculatorTests.CalculatorTests.getCalculator(CalculatorTests.java:13)
	at com.epam.calculatorTests.CalculatorTests.getCalculator(CalculatorTests.java:13)
	at com.epam.calculatorTests.CalculatorTests.getCalculator(CalculatorTests.java:13)
	at com.epam.calculatorTests.CalculatorTests.getCalculator(CalculatorTests.java:13)
	at com.epam.calculatorTests.CalculatorTests.getCalculator(CalculatorTests.java:13)
	at com.epam.calculatorTests.CalculatorTests.getCalculator(CalculatorTests.java:13)
	at com.epam.calculatorTests.CalculatorTests.getCalculator(CalculatorTests.java:13)
	at com.epam.calculatorTests.CalculatorTests.getCalculator(CalculatorTests.java:13)
	at com.epam.calculatorTests.CalculatorTests.getCalculator(CalculatorTests.java:13)
	at com.epam.calculatorTests.CalculatorTests.getCalculator(CalculatorTests.java:13)
	at com.epam.calculatorTests.CalculatorTests.getCalculator(CalculatorTests.java:13)
	at com.epam.calculatorTests.CalculatorTests.getCalculator(CalculatorTests.java:13)
	at com.epam.calculatorTests.CalculatorTests.getCalculator(CalculatorTests.java:13)
	at com.epam.calculatorTests.CalculatorTests.getCalculator(CalculatorTests.java:13)
	at com.epam.calculatorTests.CalculatorTests.getCalculator(CalculatorTests.java:13)
	at com.epam.calculatorTests.CalculatorTests.getCalculator(CalculatorTests.java:13)
	at com.epam.calculatorTests.CalculatorTests.getCalculator(CalculatorTests.java:13)
	at com.epam.calculatorTests.CalculatorTests.getCalculator(CalculatorTests.java:13)
	at com.epam.calculatorTests.CalculatorTests.getCalculator(CalculatorTests.java:13)
	at com.epam.calculatorTests.CalculatorTests.getCalculator(CalculatorTests.java:13)
	at com.epam.calculatorTests.CalculatorTests.getCalculator(CalculatorTests.java:13)
	at com.epam.calculatorTests.CalculatorTests.getCalculator(CalculatorTests.java:13)
	at com.epam.calculatorTests.CalculatorTests.getCalculator(CalculatorTests.java:13)
	at com.epam.calculatorTests.CalculatorTests.getCalculator(CalculatorTests.java:13)
	at com.epam.calculatorTests.CalculatorTests.getCalculator(CalculatorTests.java:13)
	at com.epam.calculatorTests.CalculatorTests.getCalculator(CalculatorTests.java:13)
	at com.epam.calculatorTests.CalculatorTests.getCalculator(CalculatorTests.java:13)
	at com.epam.calculatorTests.CalculatorTests.getCalculator(CalculatorTests.java:13)
	at com.epam.calculatorTests.CalculatorTests.getCalculator(CalculatorTests.java:13)
	at com.epam.calculatorTests.CalculatorTests.getCalculator(CalculatorTests.java:13)
	at com.epam.calculatorTests.CalculatorTests.getCalculator(CalculatorTests.java:13)
	at com.epam.calculatorTests.CalculatorTests.getCalculator(CalculatorTests.java:13)
	at com.epam.calculatorTests.CalculatorTests.getCalculator(CalculatorTests.java:13)
	at com.epam.calculatorTests.CalculatorTests.getCalculator(CalculatorTests.java:13)
	at com.epam.calculatorTests.CalculatorTests.getCalculator(CalculatorTests.java:13)
	at com.epam.calculatorTests.CalculatorTests.getCalculator(CalculatorTests.java:13)
	at com.epam.calculatorTests.CalculatorTests.getCalculator(CalculatorTests.java:13)
	at com.epam.calculatorTests.CalculatorTests.getCalculator(CalculatorTests.java:13)
	at com.epam.calculatorTests.CalculatorTests.getCalculator(CalculatorTests.java:13)
	at com.epam.calculatorTests.CalculatorTests.getCalculator(CalculatorTests.java:13)
	at com.epam.calculatorTests.CalculatorTests.getCalculator(CalculatorTests.java:13)
	at com.epam.calculatorTests.CalculatorTests.getCalculator(CalculatorTests.java:13)
	at com.epam.calculatorTests.CalculatorTests.getCalculator(CalculatorTests.java:13)
	at com.epam.calculatorTests.CalculatorTests.getCalculator(CalculatorTests.java:13)
	at com.epam.calculatorTests.CalculatorTests.getCalculator(CalculatorTests.java:13)
	at com.epam.calculatorTests.CalculatorTests.getCalculator(CalculatorTests.java:13)
	at com.epam.calculatorTests.CalculatorTests.getCalculator(CalculatorTests.java:13)
	at com.epam.calculatorTests.CalculatorTests.getCalculator(CalculatorTests.java:13)
	at com.epam.calculatorTests.CalculatorTests.getCalculator(CalculatorTests.java:13)
	at com.epam.calculatorTests.CalculatorTests.getCalculator(CalculatorTests.java:13)
	at com.epam.calculatorTests.CalculatorTests.getCalculator(CalculatorTests.java:13)
	at com.epam.calculatorTests.CalculatorTests.getCalculator(CalculatorTests.java:13)
	at com.epam.calculatorTests.CalculatorTests.getCalculator(CalculatorTests.java:13)
	at com.epam.calculatorTests.CalculatorTests.getCalculator(CalculatorTests.java:13)
	at com.epam.calculatorTests.CalculatorTests.getCalculator(CalculatorTests.java:13)
	at com.epam.calculatorTests.CalculatorTests.getCalculator(CalculatorTests.java:13)
	at com.epam.calculatorTests.CalculatorTests.getCalculator(CalculatorTests.java:13)
	at com.epam.calculatorTests.CalculatorTests.getCalculator(CalculatorTests.java:13)
	at com.epam.calculatorTests.CalculatorTests.getCalculator(CalculatorTests.java:13)
	at com.epam.calculatorTests.CalculatorTests.getCalculator(CalculatorTests.java:13)
	at com.epam.calculatorTests.CalculatorTests.getCalculator(CalculatorTests.java:13)
	at com.epam.calculatorTests.CalculatorTests.getCalculator(CalculatorTests.java:13)
	at com.epam.calculatorTests.CalculatorTests.getCalculator(CalculatorTests.java:13)
	at com.epam.calculatorTests.CalculatorTests.getCalculator(CalculatorTests.java:13)
	at com.epam.calculatorTests.CalculatorTests.getCalculator(CalculatorTests.java:13)
	at com.epam.calculatorTests.CalculatorTests.getCalculator(CalculatorTests.java:13)
	at com.epam.calculatorTests.CalculatorTests.getCalculator(CalculatorTests.java:13)
	at com.epam.calculatorTests.CalculatorTests.getCalculator(CalculatorTests.java:13)
	at com.epam.calculatorTests.CalculatorTests.getCalculator(CalculatorTests.java:13)
	at com.epam.calculatorTests.CalculatorTests.getCalculator(CalculatorTests.java:13)
	at com.epam.calculatorTests.CalculatorTests.getCalculator(CalculatorTests.java:13)
	at com.epam.calculatorTests.CalculatorTests.getCalculator(CalculatorTests.java:13)
	at com.epam.calculatorTests.CalculatorTests.getCalculator(CalculatorTests.java:13)
	at com.epam.calculatorTests.CalculatorTests.getCalculator(CalculatorTests.java:13)
	at com.epam.calculatorTests.CalculatorTests.getCalculator(CalculatorTests.java:13)
	at com.epam.calculatorTests.CalculatorTests.getCalculator(CalculatorTests.java:13)
	at com.epam.calculatorTests.CalculatorTests.getCalculator(CalculatorTests.java:13)
	at com.epam.calculatorTests.CalculatorTests.getCalculator(CalculatorTests.java:13)
	at com.epam.calculatorTests.CalculatorTests.getCalculator(CalculatorTests.java:13)
	at com.epam.calculatorTests.CalculatorTests.getCalculator(CalculatorTests.java:13)
	at com.epam.calculatorTests.CalculatorTests.getCalculator(CalculatorTests.java:13)
	at com.epam.calculatorTests.CalculatorTests.getCalculator(CalculatorTests.java:13)
	at com.epam.calculatorTests.CalculatorTests.getCalculator(CalculatorTests.java:13)
	at com.epam.calculatorTests.CalculatorTests.getCalculator(CalculatorTests.java:13)
	at com.epam.calculatorTests.CalculatorTests.getCalculator(CalculatorTests.java:13)
	at com.epam.calculatorTests.CalculatorTests.getCalculator(CalculatorTests.java:13)
	at com.epam.calculatorTests.CalculatorTests.getCalculator(CalculatorTests.java:13)
	at com.epam.calculatorTests.CalculatorTests.getCalculator(CalculatorTests.java:13)
	at com.epam.calculatorTests.CalculatorTests.getCalculator(CalculatorTests.java:13)
	at com.epam.calculatorTests.CalculatorTests.getCalculator(CalculatorTests.java:13)
	at com.epam.calculatorTests.CalculatorTests.getCalculator(CalculatorTests.java:13)
	at com.epam.calculatorTests.CalculatorTests.getCalculator(CalculatorTests.java:13)
	at com.epam.calculatorTests.CalculatorTests.getCalculator(CalculatorTests.java:13)
	at com.epam.calculatorTests.CalculatorTests.getCalculator(CalculatorTests.java:13)
	at com.epam.calculatorTests.CalculatorTests.getCalculator(CalculatorTests.java:13)
	at com.epam.calculatorTests.CalculatorTests.getCalculator(CalculatorTests.java:13)
	at com.epam.calculatorTests.CalculatorTests.getCalculator(CalculatorTests.java:13)
	at com.epam.calculatorTests.CalculatorTests.getCalculator(CalculatorTests.java:13)
	at com.epam.calculatorTests.CalculatorTests.getCalculator(CalculatorTests.java:13)
	at com.epam.calculatorTests.CalculatorTests.getCalculator(CalculatorTests.java:13)
	at com.epam.calculatorTests.CalculatorTests.getCalculator(CalculatorTests.java:13)
	at com.epam.calculatorTests.CalculatorTests.getCalculator(CalculatorTests.java:13)
	at com.epam.calculatorTests.CalculatorTests.getCalculator(CalculatorTests.java:13)
	at com.epam.calculatorTests.CalculatorTests.getCalculator(CalculatorTests.java:13)
	at com.epam.calculatorTests.CalculatorTests.getCalculator(CalculatorTests.java:13)
	at com.epam.calculatorTests.CalculatorTests.getCalculator(CalculatorTests.java:13)
	at com.epam.calculatorTests.CalculatorTests.getCalculator(CalculatorTests.java:13)
	at com.epam.calculatorTests.CalculatorTests.getCalculator(CalculatorTests.java:13)
	at com.epam.calculatorTests.CalculatorTests.getCalculator(CalculatorTests.java:13)
	at com.epam.calculatorTests.CalculatorTests.getCalculator(CalculatorTests.java:13)
	at com.epam.calculatorTests.CalculatorTests.getCalculator(CalculatorTests.java:13)
	at com.epam.calculatorTests.CalculatorTests.getCalculator(CalculatorTests.java:13)
	at com.epam.calculatorTests.CalculatorTests.getCalculator(CalculatorTests.java:13)
	at com.epam.calculatorTests.CalculatorTests.getCalculator(CalculatorTests.java:13)
	at com.epam.calculatorTests.CalculatorTests.getCalculator(CalculatorTests.java:13)
	at com.epam.calculatorTests.CalculatorTests.getCalculator(CalculatorTests.java:13)
	at com.epam.calculatorTests.CalculatorTests.getCalculator(CalculatorTests.java:13)
	at com.epam.calculatorTests.CalculatorTests.getCalculator(CalculatorTests.java:13)
	at com.epam.calculatorTests.CalculatorTests.getCalculator(CalculatorTests.java:13)
	at com.epam.calculatorTests.CalculatorTests.getCalculator(CalculatorTests.java:13)
	at com.epam.calculatorTests.CalculatorTests.getCalculator(CalculatorTests.java:13)
	at com.epam.calculatorTests.CalculatorTests.getCalculator(CalculatorTests.java:13)
	at com.epam.calculatorTests.CalculatorTests.getCalculator(CalculatorTests.java:13)
	at com.epam.calculatorTests.CalculatorTests.getCalculator(CalculatorTests.java:13)
	at com.epam.calculatorTests.CalculatorTests.getCalculator(CalculatorTests.java:13)
	at com.epam.calculatorTests.CalculatorTests.getCalculator(CalculatorTests.java:13)
	at com.epam.calculatorTests.CalculatorTests.getCalculator(CalculatorTests.java:13)
	at com.epam.calculatorTests.CalculatorTests.getCalculator(CalculatorTests.java:13)
	at com.epam.calculatorTests.CalculatorTests.getCalculator(CalculatorTests.java:13)
	at com.epam.calculatorTests.CalculatorTests.getCalculator(CalculatorTests.java:13)
	at com.epam.calculatorTests.CalculatorTests.getCalculator(CalculatorTests.java:13)
	at com.epam.calculatorTests.CalculatorTests.getCalculator(CalculatorTests.java:13)
	at com.epam.calculatorTests.CalculatorTests.getCalculator(CalculatorTests.java:13)
	at com.epam.calculatorTests.CalculatorTests.getCalculator(CalculatorTests.java:13)
	at com.epam.calculatorTests.CalculatorTests.getCalculator(CalculatorTests.java:13)
	at com.epam.calculatorTests.CalculatorTests.getCalculator(CalculatorTests.java:13)
	at com.epam.calculatorTests.CalculatorTests.getCalculator(CalculatorTests.java:13)
	at com.epam.calculatorTests.CalculatorTests.getCalculator(CalculatorTests.java:13)
	at com.epam.calculatorTests.CalculatorTests.getCalculator(CalculatorTests.java:13)
	at com.epam.calculatorTests.CalculatorTests.getCalculator(CalculatorTests.java:13)
	at com.epam.calculatorTests.CalculatorTests.getCalculator(CalculatorTests.java:13)
	at com.epam.calculatorTests.CalculatorTests.getCalculator(CalculatorTests.java:13)
	at com.epam.calculatorTests.CalculatorTests.getCalculator(CalculatorTests.java:13)
	at com.epam.calculatorTests.CalculatorTests.getCalculator(CalculatorTests.java:13)
	at com.epam.calculatorTests.CalculatorTests.getCalculator(CalculatorTests.java:13)
	at com.epam.calculatorTests.CalculatorTests.getCalculator(CalculatorTests.java:13)
	at com.epam.calculatorTests.CalculatorTests.getCalculator(CalculatorTests.java:13)
	at com.epam.calculatorTests.CalculatorTests.getCalculator(CalculatorTests.java:13)
	at com.epam.calculatorTests.CalculatorTests.getCalculator(CalculatorTests.java:13)
	at com.epam.calculatorTests.CalculatorTests.getCalculator(CalculatorTests.java:13)
	at com.epam.calculatorTests.CalculatorTests.getCalculator(CalculatorTests.java:13)
	at com.epam.calculatorTests.CalculatorTests.getCalculator(CalculatorTests.java:13)
	at com.epam.calculatorTests.CalculatorTests.getCalculator(CalculatorTests.java:13)
	at com.epam.calculatorTests.CalculatorTests.getCalculator(CalculatorTests.java:13)
	at com.epam.calculatorTests.CalculatorTests.getCalculator(CalculatorTests.java:13)
	at com.epam.calculatorTests.CalculatorTests.getCalculator(CalculatorTests.java:13)
	at com.epam.calculatorTests.CalculatorTests.getCalculator(CalculatorTests.java:13)
	at com.epam.calculatorTests.CalculatorTests.getCalculator(CalculatorTests.java:13)
	at com.epam.calculatorTests.CalculatorTests.getCalculator(CalculatorTests.java:13)
	at com.epam.calculatorTests.CalculatorTests.getCalculator(CalculatorTests.java:13)
	at com.epam.calculatorTests.CalculatorTests.getCalculator(CalculatorTests.java:13)
	at com.epam.calculatorTests.CalculatorTests.getCalculator(CalculatorTests.java:13)
	at com.epam.calculatorTests.CalculatorTests.getCalculator(CalculatorTests.java:13)
	at com.epam.calculatorTests.CalculatorTests.getCalculator(CalculatorTests.java:13)
	at com.epam.calculatorTests.CalculatorTests.getCalculator(CalculatorTests.java:13)
	at com.epam.calculatorTests.CalculatorTests.getCalculator(CalculatorTests.java:13)
	at com.epam.calculatorTests.CalculatorTests.getCalculator(CalculatorTests.java:13)
	at com.epam.calculatorTests.CalculatorTests.getCalculator(CalculatorTests.java:13)
	at com.epam.calculatorTests.CalculatorTests.getCalculator(CalculatorTests.java:13)
	at com.epam.calculatorTests.CalculatorTests.getCalculator(CalculatorTests.java:13)
	at com.epam.calculatorTests.CalculatorTests.getCalculator(CalculatorTests.java:13)
	at com.epam.calculatorTests.CalculatorTests.getCalculator(CalculatorTests.java:13)
	at com.epam.calculatorTests.CalculatorTests.getCalculator(CalculatorTests.java:13)
	at com.epam.calculatorTests.CalculatorTests.getCalculator(CalculatorTests.java:13)
	at com.epam.calculatorTests.CalculatorTests.getCalculator(CalculatorTests.java:13)
	at com.epam.calculatorTests.CalculatorTests.getCalculator(CalculatorTests.java:13)
	at com.epam.calculatorTests.CalculatorTests.getCalculator(CalculatorTests.java:13)
	at com.epam.calculatorTests.CalculatorTests.getCalculator(CalculatorTests.java:13)
	at com.epam.calculatorTests.CalculatorTests.getCalculator(CalculatorTests.java:13)
	at com.epam.calculatorTests.CalculatorTests.getCalculator(CalculatorTests.java:13)
	at com.epam.calculatorTests.CalculatorTests.getCalculator(CalculatorTests.java:13)
	at com.epam.calculatorTests.CalculatorTests.getCalculator(CalculatorTests.java:13)
	at com.epam.calculatorTests.CalculatorTests.getCalculator(CalculatorTests.java:13)
	at com.epam.calculatorTests.CalculatorTests.getCalculator(CalculatorTests.java:13)
	at com.epam.calculatorTests.CalculatorTests.getCalculator(CalculatorTests.java:13)
	at com.epam.calculatorTests.CalculatorTests.getCalculator(CalculatorTests.java:13)
	at com.epam.calculatorTests.CalculatorTests.getCalculator(CalculatorTests.java:13)
	at com.epam.calculatorTests.CalculatorTests.getCalculator(CalculatorTests.java:13)
	at com.epam.calculatorTests.CalculatorTests.getCalculator(CalculatorTests.java:13)
	at com.epam.calculatorTests.CalculatorTests.getCalculator(CalculatorTests.java:13)
	at com.epam.calculatorTests.CalculatorTests.getCalculator(CalculatorTests.java:13)
	at com.epam.calculatorTests.CalculatorTests.getCalculator(CalculatorTests.java:13)
	at com.epam.calculatorTests.CalculatorTests.getCalculator(CalculatorTests.java:13)
	at com.epam.calculatorTests.CalculatorTests.getCalculator(CalculatorTests.java:13)
	at com.epam.calculatorTests.CalculatorTests.getCalculator(CalculatorTests.java:13)
	at com.epam.calculatorTests.CalculatorTests.getCalculator(CalculatorTests.java:13)
	at com.epam.calculatorTests.CalculatorTests.getCalculator(CalculatorTests.java:13)
	at com.epam.calculatorTests.CalculatorTests.getCalculator(CalculatorTests.java:13)
	at com.epam.calculatorTests.CalculatorTests.getCalculator(CalculatorTests.java:13)
	at com.epam.calculatorTests.CalculatorTests.getCalculator(CalculatorTests.java:13)
	at com.epam.calculatorTests.CalculatorTests.getCalculator(CalculatorTests.java:13)
	at com.epam.calculatorTests.CalculatorTests.getCalculator(CalculatorTests.java:13)
	at com.epam.calculatorTests.CalculatorTests.getCalculator(CalculatorTests.java:13)
	at com.epam.calculatorTests.CalculatorTests.getCalculator(CalculatorTests.java:13)
	at com.epam.calculatorTests.CalculatorTests.getCalculator(CalculatorTests.java:13)
	at com.epam.calculatorTests.CalculatorTests.getCalculator(CalculatorTests.java:13)
	at com.epam.calculatorTests.CalculatorTests.getCalculator(CalculatorTests.java:13)
	at com.epam.calculatorTests.CalculatorTests.getCalculator(CalculatorTests.java:13)
	at com.epam.calculatorTests.CalculatorTests.getCalculator(CalculatorTests.java:13)
	at com.epam.calculatorTests.CalculatorTests.getCalculator(CalculatorTests.java:13)
	at com.epam.calculatorTests.CalculatorTests.getCalculator(CalculatorTests.java:13)
	at com.epam.calculatorTests.CalculatorTests.getCalculator(CalculatorTests.java:13)
	at com.epam.calculatorTests.CalculatorTests.getCalculator(CalculatorTests.java:13)
	at com.epam.calculatorTests.CalculatorTests.getCalculator(CalculatorTests.java:13)
	at com.epam.calculatorTests.CalculatorTests.getCalculator(CalculatorTests.java:13)
	at com.epam.calculatorTests.CalculatorTests.getCalculator(CalculatorTests.java:13)
	at com.epam.calculatorTests.CalculatorTests.getCalculator(CalculatorTests.java:13)
	at com.epam.calculatorTests.CalculatorTests.getCalculator(CalculatorTests.java:13)
	at com.epam.calculatorTests.CalculatorTests.getCalculator(CalculatorTests.java:13)
	at com.epam.calculatorTests.CalculatorTests.getCalculator(CalculatorTests.java:13)
	at com.epam.calculatorTests.CalculatorTests.getCalculator(CalculatorTests.java:13)
	at com.epam.calculatorTests.CalculatorTests.getCalculator(CalculatorTests.java:13)
	at com.epam.calculatorTests.CalculatorTests.getCalculator(CalculatorTests.java:13)
	at com.epam.calculatorTests.CalculatorTests.getCalculator(CalculatorTests.java:13)
	at com.epam.calculatorTests.CalculatorTests.getCalculator(CalculatorTests.java:13)
	at com.epam.calculatorTests.CalculatorTests.getCalculator(CalculatorTests.java:13)
	at com.epam.calculatorTests.CalculatorTests.getCalculator(CalculatorTests.java:13)
	at com.epam.calculatorTests.CalculatorTests.getCalculator(CalculatorTests.java:13)
	at com.epam.calculatorTests.CalculatorTests.getCalculator(CalculatorTests.java:13)
	at com.epam.calculatorTests.CalculatorTests.getCalculator(CalculatorTests.java:13)
	at com.epam.calculatorTests.CalculatorTests.getCalculator(CalculatorTests.java:13)
	at com.epam.calculatorTests.CalculatorTests.getCalculator(CalculatorTests.java:13)
	at com.epam.calculatorTests.CalculatorTests.getCalculator(CalculatorTests.java:13)
	at com.epam.calculatorTests.CalculatorTests.getCalculator(CalculatorTests.java:13)
	at com.epam.calculatorTests.CalculatorTests.getCalculator(CalculatorTests.java:13)
	at com.epam.calculatorTests.CalculatorTests.getCalculator(CalculatorTests.java:13)
	at com.epam.calculatorTests.CalculatorTests.getCalculator(CalculatorTests.java:13)
	at com.epam.calculatorTests.CalculatorTests.getCalculator(CalculatorTests.java:13)
	at com.epam.calculatorTests.CalculatorTests.getCalculator(CalculatorTests.java:13)
	at com.epam.calculatorTests.CalculatorTests.getCalculator(CalculatorTests.java:13)
	at com.epam.calculatorTests.CalculatorTests.getCalculator(CalculatorTests.java:13)
	at com.epam.calculatorTests.CalculatorTests.getCalculator(CalculatorTests.java:13)
	at com.epam.calculatorTests.CalculatorTests.getCalculator(CalculatorTests.java:13)
	at com.epam.calculatorTests.CalculatorTests.getCalculator(CalculatorTests.java:13)
	at com.epam.calculatorTests.CalculatorTests.getCalculator(CalculatorTests.java:13)
	at com.epam.calculatorTests.CalculatorTests.getCalculator(CalculatorTests.java:13)
	at com.epam.calculatorTests.CalculatorTests.getCalculator(CalculatorTests.java:13)
	at com.epam.calculatorTests.CalculatorTests.getCalculator(CalculatorTests.java:13)
	at com.epam.calculatorTests.CalculatorTests.getCalculator(CalculatorTests.java:13)
	at com.epam.calculatorTests.CalculatorTests.getCalculator(CalculatorTests.java:13)
	at com.epam.calculatorTests.CalculatorTests.getCalculator(CalculatorTests.java:13)
	at com.epam.calculatorTests.CalculatorTests.getCalculator(CalculatorTests.java:13)
	at com.epam.calculatorTests.CalculatorTests.getCalculator(CalculatorTests.java:13)
	at com.epam.calculatorTests.CalculatorTests.getCalculator(CalculatorTests.java:13)
	at com.epam.calculatorTests.CalculatorTests.getCalculator(CalculatorTests.java:13)
	at com.epam.calculatorTests.CalculatorTests.getCalculator(CalculatorTests.java:13)
	at com.epam.calculatorTests.CalculatorTests.getCalculator(CalculatorTests.java:13)
	at com.epam.calculatorTests.CalculatorTests.getCalculator(CalculatorTests.java:13)
	at com.epam.calculatorTests.CalculatorTests.getCalculator(CalculatorTests.java:13)
	at com.epam.calculatorTests.CalculatorTests.getCalculator(CalculatorTests.java:13)
	at com.epam.calculatorTests.CalculatorTests.getCalculator(CalculatorTests.java:13)
	at com.epam.calculatorTests.CalculatorTests.getCalculator(CalculatorTests.java:13)
	at com.epam.calculatorTests.CalculatorTests.getCalculator(CalculatorTests.java:13)
	at com.epam.calculatorTests.CalculatorTests.getCalculator(CalculatorTests.java:13)
	at com.epam.calculatorTests.CalculatorTests.getCalculator(CalculatorTests.java:13)
	at com.epam.calculatorTests.CalculatorTests.getCalculator(CalculatorTests.java:13)
	at com.epam.calculatorTests.CalculatorTests.getCalculator(CalculatorTests.java:13)
	at com.epam.calculatorTests.CalculatorTests.getCalculator(CalculatorTests.java:13)
	at com.epam.calculatorTests.CalculatorTests.getCalculator(CalculatorTests.java:13)
	at com.epam.calculatorTests.CalculatorTests.getCalculator(CalculatorTests.java:13)
	at com.epam.calculatorTests.CalculatorTests.getCalculator(CalculatorTests.java:13)
	at com.epam.calculatorTests.CalculatorTests.getCalculator(CalculatorTests.java:13)
	at com.epam.calculatorTests.CalculatorTests.getCalculator(CalculatorTests.java:13)
	at com.epam.calculatorTests.CalculatorTests.getCalculator(CalculatorTests.java:13)
	at com.epam.calculatorTests.CalculatorTests.getCalculator(CalculatorTests.java:13)
	at com.epam.calculatorTests.CalculatorTests.getCalculator(CalculatorTests.java:13)
	at com.epam.calculatorTests.CalculatorTests.getCalculator(CalculatorTests.java:13)
	at com.epam.calculatorTests.CalculatorTests.getCalculator(CalculatorTests.java:13)
	at com.epam.calculatorTests.CalculatorTests.getCalculator(CalculatorTests.java:13)
	at com.epam.calculatorTests.CalculatorTests.getCalculator(CalculatorTests.java:13)
	at com.epam.calculatorTests.CalculatorTests.getCalculator(CalculatorTests.java:13)
	at com.epam.calculatorTests.CalculatorTests.getCalculator(CalculatorTests.java:13)
	at com.epam.calculatorTests.CalculatorTests.getCalculator(CalculatorTests.java:13)
	at com.epam.calculatorTests.CalculatorTests.getCalculator(CalculatorTests.java:13)
	at com.epam.calculatorTests.CalculatorTests.getCalculator(CalculatorTests.java:13)
	at com.epam.calculatorTests.CalculatorTests.getCalculator(CalculatorTests.java:13)
	at com.epam.calculatorTests.CalculatorTests.getCalculator(CalculatorTests.java:13)
	at com.epam.calculatorTests.CalculatorTests.getCalculator(CalculatorTests.java:13)
	at com.epam.calculatorTests.CalculatorTests.getCalculator(CalculatorTests.java:13)
	at com.epam.calculatorTests.CalculatorTests.getCalculator(CalculatorTests.java:13)
	at com.epam.calculatorTests.CalculatorTests.getCalculator(CalculatorTests.java:13)
	at com.epam.calculatorTests.CalculatorTests.getCalculator(CalculatorTests.java:13)
	at com.epam.calculatorTests.CalculatorTests.getCalculator(CalculatorTests.java:13)
	at com.epam.calculatorTests.CalculatorTests.getCalculator(CalculatorTests.java:13)
	at com.epam.calculatorTests.CalculatorTests.getCalculator(CalculatorTests.java:13)
	at com.epam.calculatorTests.CalculatorTests.getCalculator(CalculatorTests.java:13)
	at com.epam.calculatorTests.CalculatorTests.getCalculator(CalculatorTests.java:13)
	at com.epam.calculatorTests.CalculatorTests.getCalculator(CalculatorTests.java:13)
	at com.epam.calculatorTests.CalculatorTests.getCalculator(CalculatorTests.java:13)
	at com.epam.calculatorTests.CalculatorTests.getCalculator(CalculatorTests.java:13)
	at com.epam.calculatorTests.CalculatorTests.getCalculator(CalculatorTests.java:13)
	at com.epam.calculatorTests.CalculatorTests.getCalculator(CalculatorTests.java:13)
	at com.epam.calculatorTests.CalculatorTests.getCalculator(CalculatorTests.java:13)
	at com.epam.calculatorTests.CalculatorTests.getCalculator(CalculatorTests.java:13)
	at com.epam.calculatorTests.CalculatorTests.getCalculator(CalculatorTests.java:13)
	at com.epam.calculatorTests.CalculatorTests.getCalculator(CalculatorTests.java:13)
	at com.epam.calculatorTests.CalculatorTests.getCalculator(CalculatorTests.java:13)
	at com.epam.calculatorTests.CalculatorTests.getCalculator(CalculatorTests.java:13)
	at com.epam.calculatorTests.CalculatorTests.getCalculator(CalculatorTests.java:13)
	at com.epam.calculatorTests.CalculatorTests.getCalculator(CalculatorTests.java:13)
	at com.epam.calculatorTests.CalculatorTests.getCalculator(CalculatorTests.java:13)
	at com.epam.calculatorTests.CalculatorTests.getCalculator(CalculatorTests.java:13)
	at com.epam.calculatorTests.CalculatorTests.getCalculator(CalculatorTests.java:13)
	at com.epam.calculatorTests.CalculatorTests.getCalculator(CalculatorTests.java:13)
	at com.epam.calculatorTests.CalculatorTests.getCalculator(CalculatorTests.java:13)
	at com.epam.calculatorTests.CalculatorTests.getCalculator(CalculatorTests.java:13)
	at com.epam.calculatorTests.CalculatorTests.getCalculator(CalculatorTests.java:13)
	at com.epam.calculatorTests.CalculatorTests.getCalculator(CalculatorTests.java:13)
	at com.epam.calculatorTests.CalculatorTests.getCalculator(CalculatorTests.java:13)
	at com.epam.calculatorTests.CalculatorTests.getCalculator(CalculatorTests.java:13)
	at com.epam.calculatorTests.CalculatorTests.getCalculator(CalculatorTests.java:13)
	at com.epam.calculatorTests.CalculatorTests.getCalculator(CalculatorTests.java:13)
	at com.epam.calculatorTests.CalculatorTests.getCalculator(CalculatorTests.java:13)
	at com.epam.calculatorTests.CalculatorTests.getCalculator(CalculatorTests.java:13)
	at com.epam.calculatorTests.CalculatorTests.getCalculator(CalculatorTests.java:13)
	at com.epam.calculatorTests.CalculatorTests.getCalculator(CalculatorTests.java:13)
	at com.epam.calculatorTests.CalculatorTests.getCalculator(CalculatorTests.java:13)
	at com.epam.calculatorTests.CalculatorTests.getCalculator(CalculatorTests.java:13)
	at com.epam.calculatorTests.CalculatorTests.getCalculator(CalculatorTests.java:13)
	at com.epam.calculatorTests.CalculatorTests.getCalculator(CalculatorTests.java:13)
	at com.epam.calculatorTests.CalculatorTests.getCalculator(CalculatorTests.java:13)
	at com.epam.calculatorTests.CalculatorTests.getCalculator(CalculatorTests.java:13)
	at com.epam.calculatorTests.CalculatorTests.getCalculator(CalculatorTests.java:13)
	at com.epam.calculatorTests.CalculatorTests.getCalculator(CalculatorTests.java:13)
	at com.epam.calculatorTests.CalculatorTests.getCalculator(CalculatorTests.java:13)
	at com.epam.calculatorTests.CalculatorTests.getCalculator(CalculatorTests.java:13)
	at com.epam.calculatorTests.CalculatorTests.getCalculator(CalculatorTests.java:13)
	at com.epam.calculatorTests.CalculatorTests.getCalculator(CalculatorTests.java:13)
	at com.epam.calculatorTests.CalculatorTests.getCalculator(CalculatorTests.java:13)
	at com.epam.calculatorTests.CalculatorTests.getCalculator(CalculatorTests.java:13)
	at com.epam.calculatorTests.CalculatorTests.getCalculator(CalculatorTests.java:13)
	at com.epam.calculatorTests.CalculatorTests.getCalculator(CalculatorTests.java:13)
	at com.epam.calculatorTests.CalculatorTests.getCalculator(CalculatorTests.java:13)
	at com.epam.calculatorTests.CalculatorTests.getCalculator(CalculatorTests.java:13)
	at com.epam.calculatorTests.CalculatorTests.getCalculator(CalculatorTests.java:13)
	at com.epam.calculatorTests.CalculatorTests.getCalculator(CalculatorTests.java:13)
	at com.epam.calculatorTests.CalculatorTests.getCalculator(CalculatorTests.java:13)
	at com.epam.calculatorTests.CalculatorTests.getCalculator(CalculatorTests.java:13)
	at com.epam.calculatorTests.CalculatorTests.getCalculator(CalculatorTests.java:13)
	at com.epam.calculatorTests.CalculatorTests.getCalculator(CalculatorTests.java:13)
	at com.epam.calculatorTests.CalculatorTests.getCalculator(CalculatorTests.java:13)
	at com.epam.calculatorTests.CalculatorTests.getCalculator(CalculatorTests.java:13)
	at com.epam.calculatorTests.CalculatorTests.getCalculator(CalculatorTests.java:13)
	at com.epam.calculatorTests.CalculatorTests.getCalculator(CalculatorTests.java:13)
	at com.epam.calculatorTests.CalculatorTests.getCalculator(CalculatorTests.java:13)
	at com.epam.calculatorTests.CalculatorTests.getCalculator(CalculatorTests.java:13)
	at com.epam.calculatorTests.CalculatorTests.getCalculator(CalculatorTests.java:13)
	at com.epam.calculatorTests.CalculatorTests.getCalculator(CalculatorTests.java:13)
	at com.epam.calculatorTests.CalculatorTests.getCalculator(CalculatorTests.java:13)
	at com.epam.calculatorTests.CalculatorTests.getCalculator(CalculatorTests.java:13)
	at com.epam.calculatorTests.CalculatorTests.getCalculator(CalculatorTests.java:13)
	at com.epam.calculatorTests.CalculatorTests.getCalculator(CalculatorTests.java:13)
	at com.epam.calculatorTests.CalculatorTests.getCalculator(CalculatorTests.java:13)
	at com.epam.calculatorTests.CalculatorTests.getCalculator(CalculatorTests.java:13)
	at com.epam.calculatorTests.CalculatorTests.getCalculator(CalculatorTests.java:13)
	at com.epam.calculatorTests.CalculatorTests.getCalculator(CalculatorTests.java:13)
	at com.epam.calculatorTests.CalculatorTests.getCalculator(CalculatorTests.java:13)
	at com.epam.calculatorTests.CalculatorTests.getCalculator(CalculatorTests.java:13)
	at com.epam.calculatorTests.CalculatorTests.getCalculator(CalculatorTests.java:13)
	at com.epam.calculatorTests.CalculatorTests.getCalculator(CalculatorTests.java:13)
	at com.epam.calculatorTests.CalculatorTests.getCalculator(CalculatorTests.java:13)
	at com.epam.calculatorTests.CalculatorTests.getCalculator(CalculatorTests.java:13)
	at com.epam.calculatorTests.CalculatorTests.getCalculator(CalculatorTests.java:13)
	at com.epam.calculatorTests.CalculatorTests.getCalculator(CalculatorTests.java:13)
	at com.epam.calculatorTests.CalculatorTests.getCalculator(CalculatorTests.java:13)
	at com.epam.calculatorTests.CalculatorTests.getCalculator(CalculatorTests.java:13)
	at com.epam.calculatorTests.CalculatorTests.getCalculator(CalculatorTests.java:13)
	at com.epam.calculatorTests.CalculatorTests.getCalculator(CalculatorTests.java:13)
	at com.epam.calculatorTests.CalculatorTests.getCalculator(CalculatorTests.java:13)
	at com.epam.calculatorTests.CalculatorTests.getCalculator(CalculatorTests.java:13)
	at com.epam.calculatorTests.CalculatorTests.getCalculator(CalculatorTests.java:13)
	at com.epam.calculatorTests.CalculatorTests.getCalculator(CalculatorTests.java:13)
	at com.epam.calculatorTests.CalculatorTests.getCalculator(CalculatorTests.java:13)
	at com.epam.calculatorTests.CalculatorTests.getCalculator(CalculatorTests.java:13)
	at com.epam.calculatorTests.CalculatorTests.getCalculator(CalculatorTests.java:13)
	at com.epam.calculatorTests.CalculatorTests.getCalculator(CalculatorTests.java:13)
	at com.epam.calculatorTests.CalculatorTests.getCalculator(CalculatorTests.java:13)
	at com.epam.calculatorTests.CalculatorTests.getCalculator(CalculatorTests.java:13)
	at com.epam.calculatorTests.CalculatorTests.getCalculator(CalculatorTests.java:13)
	at com.epam.calculatorTests.CalculatorTests.getCalculator(CalculatorTests.java:13)
	at com.epam.calculatorTests.CalculatorTests.getCalculator(CalculatorTests.java:13)
	at com.epam.calculatorTests.CalculatorTests.getCalculator(CalculatorTests.java:13)
	at com.epam.calculatorTests.CalculatorTests.getCalculator(CalculatorTests.java:13)
	at com.epam.calculatorTests.CalculatorTests.getCalculator(CalculatorTests.java:13)
	at com.epam.calculatorTests.CalculatorTests.getCalculator(CalculatorTests.java:13)
	at com.epam.calculatorTests.CalculatorTests.getCalculator(CalculatorTests.java:13)
	at com.epam.calculatorTests.CalculatorTests.getCalculator(CalculatorTests.java:13)
	at com.epam.calculatorTests.CalculatorTests.getCalculator(CalculatorTests.java:13)
	at com.epam.calculatorTests.CalculatorTests.getCalculator(CalculatorTests.java:13)
	at com.epam.calculatorTests.CalculatorTests.getCalculator(CalculatorTests.java:13)
	at com.epam.calculatorTests.CalculatorTests.getCalculator(CalculatorTests.java:13)
	at com.epam.calculatorTests.CalculatorTests.getCalculator(CalculatorTests.java:13)
	at com.epam.calculatorTests.CalculatorTests.getCalculator(CalculatorTests.java:13)
	at com.epam.calculatorTests.CalculatorTests.getCalculator(CalculatorTests.java:13)
	at com.epam.calculatorTests.CalculatorTests.getCalculator(CalculatorTests.java:13)
	at com.epam.calculatorTests.CalculatorTests.getCalculator(CalculatorTests.java:13)
	at com.epam.calculatorTests.CalculatorTests.getCalculator(CalculatorTests.java:13)
	at com.epam.calculatorTests.CalculatorTests.getCalculator(CalculatorTests.java:13)
	at com.epam.calculatorTests.CalculatorTests.getCalculator(CalculatorTests.java:13)
	at com.epam.calculatorTests.CalculatorTests.getCalculator(CalculatorTests.java:13)
	at com.epam.calculatorTests.CalculatorTests.getCalculator(CalculatorTests.java:13)
	at com.epam.calculatorTests.CalculatorTests.getCalculator(CalculatorTests.java:13)
	at com.epam.calculatorTests.CalculatorTests.getCalculator(CalculatorTests.java:13)
	at com.epam.calculatorTests.CalculatorTests.getCalculator(CalculatorTests.java:13)
	at com.epam.calculatorTests.CalculatorTests.getCalculator(CalculatorTests.java:13)
	at com.epam.calculatorTests.CalculatorTests.getCalculator(CalculatorTests.java:13)
	at com.epam.calculatorTests.CalculatorTests.getCalculator(CalculatorTests.java:13)
	at com.epam.calculatorTests.CalculatorTests.getCalculator(CalculatorTests.java:13)
	at com.epam.calculatorTests.CalculatorTests.getCalculator(CalculatorTests.java:13)
	at com.epam.calculatorTests.CalculatorTests.getCalculator(CalculatorTests.java:13)
	at com.epam.calculatorTests.CalculatorTests.getCalculator(CalculatorTests.java:13)
	at com.epam.calculatorTests.CalculatorTests.getCalculator(CalculatorTests.java:13)
	at com.epam.calculatorTests.CalculatorTests.getCalculator(CalculatorTests.java:13)
	at com.epam.calculatorTests.CalculatorTests.getCalculator(CalculatorTests.java:13)
	at com.epam.calculatorTests.CalculatorTests.getCalculator(CalculatorTests.java:13)
	at com.epam.calculatorTests.CalculatorTests.getCalculator(CalculatorTests.java:13)
	at com.epam.calculatorTests.CalculatorTests.getCalculator(CalculatorTests.java:13)
	at com.epam.calculatorTests.CalculatorTests.getCalculator(CalculatorTests.java:13)
	at com.epam.calculatorTests.CalculatorTests.getCalculator(CalculatorTests.java:13)
	at com.epam.calculatorTests.CalculatorTests.getCalculator(CalculatorTests.java:13)
	at com.epam.calculatorTests.CalculatorTests.getCalculator(CalculatorTests.java:13)
	at com.epam.calculatorTests.CalculatorTests.getCalculator(CalculatorTests.java:13)
	at com.epam.calculatorTests.CalculatorTests.getCalculator(CalculatorTests.java:13)
	at com.epam.calculatorTests.CalculatorTests.getCalculator(CalculatorTests.java:13)
	at com.epam.calculatorTests.CalculatorTests.getCalculator(CalculatorTests.java:13)
	at com.epam.calculatorTests.CalculatorTests.getCalculator(CalculatorTests.java:13)
	at com.epam.calculatorTests.CalculatorTests.getCalculator(CalculatorTests.java:13)
	at com.epam.calculatorTests.CalculatorTests.getCalculator(CalculatorTests.java:13)
	at com.epam.calculatorTests.CalculatorTests.getCalculator(CalculatorTests.java:13)
	at com.epam.calculatorTests.CalculatorTests.getCalculator(CalculatorTests.java:13)
	at com.epam.calculatorTests.CalculatorTests.getCalculator(CalculatorTests.java:13)
	at com.epam.calculatorTests.CalculatorTests.getCalculator(CalculatorTests.java:13)
	at com.epam.calculatorTests.CalculatorTests.getCalculator(CalculatorTests.java:13)
	at com.epam.calculatorTests.CalculatorTests.getCalculator(CalculatorTests.java:13)
	at com.epam.calculatorTests.CalculatorTests.getCalculator(CalculatorTests.java:13)
	at com.epam.calculatorTests.CalculatorTests.getCalculator(CalculatorTests.java:13)
	at com.epam.calculatorTests.CalculatorTests.getCalculator(CalculatorTests.java:13)
	at com.epam.calculatorTests.CalculatorTests.getCalculator(CalculatorTests.java:13)
	at com.epam.calculatorTests.CalculatorTests.getCalculator(CalculatorTests.java:13)
	at com.epam.calculatorTests.CalculatorTests.getCalculator(CalculatorTests.java:13)
	at com.epam.calculatorTests.CalculatorTests.getCalculator(CalculatorTests.java:13)
	at com.epam.calculatorTests.CalculatorTests.getCalculator(CalculatorTests.java:13)
	at com.epam.calculatorTests.CalculatorTests.getCalculator(CalculatorTests.java:13)
	at com.epam.calculatorTests.CalculatorTests.getCalculator(CalculatorTests.java:13)
	at com.epam.calculatorTests.CalculatorTests.getCalculator(CalculatorTests.java:13)
	at com.epam.calculatorTests.CalculatorTests.getCalculator(CalculatorTests.java:13)
	at com.epam.calculatorTests.CalculatorTests.getCalculator(CalculatorTests.java:13)
	at com.epam.calculatorTests.CalculatorTests.getCalculator(CalculatorTests.java:13)
	at com.epam.calculatorTests.CalculatorTests.getCalculator(CalculatorTests.java:13)
	at com.epam.calculatorTests.CalculatorTests.getCalculator(CalculatorTests.java:13)
	at com.epam.calculatorTests.CalculatorTests.getCalculator(CalculatorTests.java:13)
	at com.epam.calculatorTests.CalculatorTests.getCalculator(CalculatorTests.java:13)
	at com.epam.calculatorTests.CalculatorTests.getCalculator(CalculatorTests.java:13)
	at com.epam.calculatorTests.CalculatorTests.getCalculator(CalculatorTests.java:13)
	at com.epam.calculatorTests.CalculatorTests.getCalculator(CalculatorTests.java:13)
	at com.epam.calculatorTests.CalculatorTests.getCalculator(CalculatorTests.java:13)
	at com.epam.calculatorTests.CalculatorTests.getCalculator(CalculatorTests.java:13)
	at com.epam.calculatorTests.CalculatorTests.getCalculator(CalculatorTests.java:13)
	at com.epam.calculatorTests.CalculatorTests.getCalculator(CalculatorTests.java:13)
	at com.epam.calculatorTests.CalculatorTests.getCalculator(CalculatorTests.java:13)
	at com.epam.calculatorTests.CalculatorTests.getCalculator(CalculatorTests.java:13)
	at com.epam.calculatorTests.CalculatorTests.getCalculator(CalculatorTests.java:13)
	at com.epam.calculatorTests.CalculatorTests.getCalculator(CalculatorTests.java:13)
	at com.epam.calculatorTests.CalculatorTests.getCalculator(CalculatorTests.java:13)
	at com.epam.calculatorTests.CalculatorTests.getCalculator(CalculatorTests.java:13)
	at com.epam.calculatorTests.CalculatorTests.getCalculator(CalculatorTests.java:13)
	at com.epam.calculatorTests.CalculatorTests.getCalculator(CalculatorTests.java:13)
	at com.epam.calculatorTests.CalculatorTests.getCalculator(CalculatorTests.java:13)
	at com.epam.calculatorTests.CalculatorTests.getCalculator(CalculatorTests.java:13)
	at com.epam.calculatorTests.CalculatorTests.getCalculator(CalculatorTests.java:13)
	at com.epam.calculatorTests.CalculatorTests.getCalculator(CalculatorTests.java:13)
	at com.epam.calculatorTests.CalculatorTests.getCalculator(CalculatorTests.java:13)
	at com.epam.calculatorTests.CalculatorTests.getCalculator(CalculatorTests.java:13)
	at com.epam.calculatorTests.CalculatorTests.getCalculator(CalculatorTests.java:13)
	at com.epam.calculatorTests.CalculatorTests.getCalculator(CalculatorTests.java:13)
	at com.epam.calculatorTests.CalculatorTests.getCalculator(CalculatorTests.java:13)
	at com.epam.calculatorTests.CalculatorTests.getCalculator(CalculatorTests.java:13)
	at com.epam.calculatorTests.CalculatorTests.getCalculator(CalculatorTests.java:13)
	at com.epam.calculatorTests.CalculatorTests.getCalculator(CalculatorTests.java:13)
]]>
    </failure>
  </testcase> <!-- @BeforeTest getCalculator -->
  <testcase name="sumInDouble" time="0.0" classname="com.epam.calculatorTests.CalculatorTests">
    <failure type="org.testng.TestNGException" message="
Cannot inject @Test annotated Method [sumInDouble] with [double, double].
For more information on native dependency injection please refer to http://testng.org/doc/documentation-main.html#native-dependency-injection">
      <![CDATA[org.testng.TestNGException: 
Cannot inject @Test annotated Method [sumInDouble] with [double, double].
For more information on native dependency injection please refer to http://testng.org/doc/documentation-main.html#native-dependency-injection
... Removed 24 stack frames]]>
    </failure>
  </testcase> <!-- sumInDouble -->
</testsuite> <!-- UnitTests -->
